2024-07-04 17:39:51,725 - Inferencefin - INFO - start-inf-base-cif-ind1
2024-07-04 17:39:57,121 - Inferencefin - INFO - end-inf-base-cif-ind1
2024-07-04 17:39:58,879 - Inferencefin - INFO - start-inf-cp-r0.1-lay[63]-ind1
2024-07-04 17:40:04,795 - Inferencefin - INFO - end-inf--ind1
2024-07-04 17:40:05,090 - Inferencefin - INFO - start-inf-cp-r0.2-lay[63]-ind1
2024-07-04 17:40:11,041 - Inferencefin - INFO - end-inf--ind1
2024-07-04 17:40:11,495 - Inferencefin - INFO - start-inf-cp-r0.3-lay[63]-ind1
2024-07-04 17:40:18,296 - Inferencefin - INFO - end-inf--ind1
2024-07-04 17:40:18,683 - Inferencefin - INFO - start-inf-cp-r0.4-lay[63]-ind1
2024-07-04 17:40:25,048 - Inferencefin - INFO - end-inf--ind1
2024-07-04 17:40:25,561 - Inferencefin - INFO - start-inf-cp-r0.5-lay[63]-ind1
2024-07-04 17:40:32,401 - Inferencefin - INFO - end-inf--ind1
2024-07-04 17:40:32,732 - Inferencefin - INFO - start-inf-cp-r0.6-lay[63]-ind1
2024-07-04 17:40:40,174 - Inferencefin - INFO - end-inf--ind1
2024-07-04 17:40:40,631 - Inferencefin - INFO - start-inf-cp-r0.7-lay[63]-ind1
2024-07-04 17:40:48,252 - Inferencefin - INFO - end-inf--ind1
2024-07-04 17:40:48,799 - Inferencefin - INFO - start-inf-cp-r0.8-lay[63]-ind1
2024-07-04 17:40:56,656 - Inferencefin - INFO - end-inf--ind1
2024-07-04 17:40:57,203 - Inferencefin - INFO - start-inf-cp-r0.9-lay[63]-ind1
2024-07-04 17:41:05,336 - Inferencefin - INFO - end-inf--ind1
2024-07-04 17:41:05,828 - Inferencefin - INFO - start-inf-cp-r0.1-lay[57]-ind1
2024-07-04 17:41:12,249 - Inferencefin - INFO - end-inf--ind1
2024-07-04 17:41:12,742 - Inferencefin - INFO - start-inf-cp-r0.2-lay[57]-ind1
2024-07-04 17:41:19,267 - Inferencefin - INFO - end-inf--ind1
2024-07-04 17:41:19,782 - Inferencefin - INFO - start-inf-cp-r0.3-lay[57]-ind1
2024-07-04 17:41:26,299 - Inferencefin - INFO - end-inf--ind1
2024-07-04 17:41:26,860 - Inferencefin - INFO - start-inf-cp-r0.4-lay[57]-ind1
2024-07-04 17:41:33,428 - Inferencefin - INFO - end-inf--ind1
2024-07-04 17:41:33,849 - Inferencefin - INFO - start-inf-cp-r0.5-lay[57]-ind1
2024-07-04 17:41:40,445 - Inferencefin - INFO - end-inf--ind1
2024-07-04 17:41:40,882 - Inferencefin - INFO - start-inf-cp-r0.6-lay[57]-ind1
2024-07-04 17:41:47,440 - Inferencefin - INFO - end-inf--ind1
2024-07-04 17:41:47,919 - Inferencefin - INFO - start-inf-cp-r0.7-lay[57]-ind1
2024-07-04 17:41:54,544 - Inferencefin - INFO - end-inf--ind1
2024-07-04 17:41:55,055 - Inferencefin - INFO - start-inf-cp-r0.8-lay[57]-ind1
2024-07-04 17:42:01,726 - Inferencefin - INFO - end-inf--ind1
2024-07-04 17:42:02,235 - Inferencefin - INFO - start-inf-cp-r0.9-lay[57]-ind1
2024-07-04 17:42:08,930 - Inferencefin - INFO - end-inf--ind1
2024-07-04 17:42:09,383 - Inferencefin - INFO - start-inf-cp-r0.1-lay[51]-ind1
2024-07-04 17:42:15,912 - Inferencefin - INFO - end-inf--ind1
2024-07-04 17:42:16,333 - Inferencefin - INFO - start-inf-cp-r0.2-lay[51]-ind1
2024-07-04 17:42:23,137 - Inferencefin - INFO - end-inf--ind1
2024-07-04 17:42:23,576 - Inferencefin - INFO - start-inf-cp-r0.3-lay[51]-ind1
2024-07-04 17:42:30,413 - Inferencefin - INFO - end-inf--ind1
2024-07-04 17:42:30,844 - Inferencefin - INFO - start-inf-cp-r0.4-lay[51]-ind1
2024-07-04 17:42:38,146 - Inferencefin - INFO - end-inf--ind1
2024-07-04 17:42:38,604 - Inferencefin - INFO - start-inf-cp-r0.5-lay[51]-ind1
2024-07-04 17:42:46,153 - Inferencefin - INFO - end-inf--ind1
2024-07-04 17:42:46,592 - Inferencefin - INFO - start-inf-cp-r0.6-lay[51]-ind1
2024-07-04 17:42:53,523 - Inferencefin - INFO - end-inf--ind1
2024-07-04 17:42:54,013 - Inferencefin - INFO - start-inf-cp-r0.7-lay[51]-ind1
2024-07-04 17:43:01,061 - Inferencefin - INFO - end-inf--ind1
2024-07-04 17:43:01,533 - Inferencefin - INFO - start-inf-cp-r0.8-lay[51]-ind1
2024-07-04 17:43:08,648 - Inferencefin - INFO - end-inf--ind1
2024-07-04 17:43:09,117 - Inferencefin - INFO - start-inf-cp-r0.9-lay[51]-ind1
2024-07-04 17:43:16,376 - Inferencefin - INFO - end-inf--ind1
2024-07-04 17:43:16,880 - Inferencefin - INFO - start-inf-cp-r0.1-lay[47]-ind1
2024-07-04 17:43:23,295 - Inferencefin - INFO - end-inf--ind1
2024-07-04 17:43:23,788 - Inferencefin - INFO - start-inf-cp-r0.2-lay[47]-ind1
2024-07-04 17:43:30,394 - Inferencefin - INFO - end-inf--ind1
2024-07-04 17:43:30,858 - Inferencefin - INFO - start-inf-cp-r0.3-lay[47]-ind1
2024-07-04 17:43:37,617 - Inferencefin - INFO - end-inf--ind1
2024-07-04 17:43:38,130 - Inferencefin - INFO - start-inf-cp-r0.4-lay[47]-ind1
2024-07-04 17:43:44,878 - Inferencefin - INFO - end-inf--ind1
2024-07-04 17:43:45,371 - Inferencefin - INFO - start-inf-cp-r0.5-lay[47]-ind1
2024-07-04 17:43:52,445 - Inferencefin - INFO - end-inf--ind1
2024-07-04 17:43:52,918 - Inferencefin - INFO - start-inf-cp-r0.6-lay[47]-ind1
2024-07-04 17:44:00,117 - Inferencefin - INFO - end-inf--ind1
2024-07-04 17:44:00,617 - Inferencefin - INFO - start-inf-cp-r0.7-lay[47]-ind1
2024-07-04 17:44:07,994 - Inferencefin - INFO - end-inf--ind1
2024-07-04 17:44:08,497 - Inferencefin - INFO - start-inf-cp-r0.8-lay[47]-ind1
2024-07-04 17:44:15,613 - Inferencefin - INFO - end-inf--ind1
2024-07-04 17:44:16,118 - Inferencefin - INFO - start-inf-cp-r0.9-lay[47]-ind1
2024-07-04 17:44:23,366 - Inferencefin - INFO - end-inf--ind1
2024-07-04 17:44:23,827 - Inferencefin - INFO - start-inf-cp-r0.1-lay[41]-ind1
2024-07-04 17:44:30,157 - Inferencefin - INFO - end-inf--ind1
2024-07-04 17:44:32,429 - Inferencefin - INFO - start-inf-cp-r0.2-lay[41]-ind1
2024-07-04 17:44:38,681 - Inferencefin - INFO - end-inf--ind1
2024-07-04 17:44:39,313 - Inferencefin - INFO - start-inf-cp-r0.3-lay[41]-ind1
2024-07-04 17:44:45,706 - Inferencefin - INFO - end-inf--ind1
2024-07-04 17:44:45,969 - Inferencefin - INFO - start-inf-cp-r0.4-lay[41]-ind1
2024-07-04 17:44:52,394 - Inferencefin - INFO - end-inf--ind1
2024-07-04 17:44:52,425 - Inferencefin - INFO - start-inf-cp-r0.5-lay[41]-ind1
2024-07-04 17:44:58,809 - Inferencefin - INFO - end-inf--ind1
2024-07-04 17:44:58,843 - Inferencefin - INFO - start-inf-cp-r0.6-lay[41]-ind1
2024-07-04 17:45:05,265 - Inferencefin - INFO - end-inf--ind1
2024-07-04 17:45:05,765 - Inferencefin - INFO - start-inf-cp-r0.7-lay[41]-ind1
2024-07-04 17:45:12,148 - Inferencefin - INFO - end-inf--ind1
2024-07-04 17:45:12,715 - Inferencefin - INFO - start-inf-cp-r0.8-lay[41]-ind1
2024-07-04 17:45:19,106 - Inferencefin - INFO - end-inf--ind1
2024-07-04 17:45:19,615 - Inferencefin - INFO - start-inf-cp-r0.9-lay[41]-ind1
2024-07-04 17:45:25,961 - Inferencefin - INFO - end-inf--ind1
2024-07-04 17:45:25,992 - Inferencefin - INFO - start-inf-cp-r0.1-lay[35]-ind1
2024-07-04 17:45:32,209 - Inferencefin - INFO - end-inf--ind1
2024-07-04 17:45:32,257 - Inferencefin - INFO - start-inf-cp-r0.2-lay[35]-ind1
2024-07-04 17:45:38,722 - Inferencefin - INFO - end-inf--ind1
2024-07-04 17:45:38,757 - Inferencefin - INFO - start-inf-cp-r0.3-lay[35]-ind1
2024-07-04 17:45:45,311 - Inferencefin - INFO - end-inf--ind1
2024-07-04 17:45:45,575 - Inferencefin - INFO - start-inf-cp-r0.4-lay[35]-ind1
2024-07-04 17:45:52,278 - Inferencefin - INFO - end-inf--ind1
2024-07-04 17:45:52,308 - Inferencefin - INFO - start-inf-cp-r0.5-lay[35]-ind1
2024-07-04 17:45:59,084 - Inferencefin - INFO - end-inf--ind1
2024-07-04 17:45:59,117 - Inferencefin - INFO - start-inf-cp-r0.6-lay[35]-ind1
2024-07-04 17:46:06,076 - Inferencefin - INFO - end-inf--ind1
2024-07-04 17:46:06,106 - Inferencefin - INFO - start-inf-cp-r0.7-lay[35]-ind1
2024-07-04 17:46:13,350 - Inferencefin - INFO - end-inf--ind1
2024-07-04 17:46:13,864 - Inferencefin - INFO - start-inf-cp-r0.8-lay[35]-ind1
2024-07-04 17:46:21,305 - Inferencefin - INFO - end-inf--ind1
2024-07-04 17:46:21,831 - Inferencefin - INFO - start-inf-cp-r0.9-lay[35]-ind1
2024-07-04 17:46:29,438 - Inferencefin - INFO - end-inf--ind1
2024-07-04 17:46:30,005 - Inferencefin - INFO - start-inf-cp-r0.1-lay[28]-ind1
2024-07-04 17:46:36,212 - Inferencefin - INFO - end-inf--ind1
2024-07-04 17:46:36,737 - Inferencefin - INFO - start-inf-cp-r0.2-lay[28]-ind1
2024-07-04 17:46:43,078 - Inferencefin - INFO - end-inf--ind1
2024-07-04 17:46:43,467 - Inferencefin - INFO - start-inf-cp-r0.3-lay[28]-ind1
2024-07-04 17:46:49,988 - Inferencefin - INFO - end-inf--ind1
2024-07-04 17:46:50,133 - Inferencefin - INFO - start-inf-cp-r0.4-lay[28]-ind1
2024-07-04 17:46:56,775 - Inferencefin - INFO - end-inf--ind1
2024-07-04 17:46:56,934 - Inferencefin - INFO - start-inf-cp-r0.5-lay[28]-ind1
2024-07-04 17:47:03,741 - Inferencefin - INFO - end-inf--ind1
2024-07-04 17:47:04,342 - Inferencefin - INFO - start-inf-cp-r0.6-lay[28]-ind1
2024-07-04 17:47:11,297 - Inferencefin - INFO - end-inf--ind1
2024-07-04 17:47:11,820 - Inferencefin - INFO - start-inf-cp-r0.7-lay[28]-ind1
2024-07-04 17:47:18,919 - Inferencefin - INFO - end-inf--ind1
2024-07-04 17:47:19,181 - Inferencefin - INFO - start-inf-cp-r0.8-lay[28]-ind1
2024-07-04 17:47:26,326 - Inferencefin - INFO - end-inf--ind1
2024-07-04 17:47:26,814 - Inferencefin - INFO - start-inf-cp-r0.9-lay[28]-ind1
2024-07-04 17:47:34,357 - Inferencefin - INFO - end-inf--ind1
2024-07-04 17:47:34,877 - Inferencefin - INFO - start-inf-cp-r0.1-lay[25]-ind1
2024-07-04 17:47:41,169 - Inferencefin - INFO - end-inf--ind1
2024-07-04 17:47:41,506 - Inferencefin - INFO - start-inf-cp-r0.2-lay[25]-ind1
2024-07-04 17:47:47,817 - Inferencefin - INFO - end-inf--ind1
2024-07-04 17:47:47,951 - Inferencefin - INFO - start-inf-cp-r0.3-lay[25]-ind1
2024-07-04 17:47:54,247 - Inferencefin - INFO - end-inf--ind1
2024-07-04 17:47:54,764 - Inferencefin - INFO - start-inf-cp-r0.4-lay[25]-ind1
2024-07-04 17:48:01,083 - Inferencefin - INFO - end-inf--ind1
2024-07-04 17:48:01,561 - Inferencefin - INFO - start-inf-cp-r0.5-lay[25]-ind1
2024-07-04 17:48:07,974 - Inferencefin - INFO - end-inf--ind1
2024-07-04 17:48:08,542 - Inferencefin - INFO - start-inf-cp-r0.6-lay[25]-ind1
2024-07-04 17:48:15,016 - Inferencefin - INFO - end-inf--ind1
2024-07-04 17:48:15,116 - Inferencefin - INFO - start-inf-cp-r0.7-lay[25]-ind1
2024-07-04 17:48:21,608 - Inferencefin - INFO - end-inf--ind1
2024-07-04 17:48:22,160 - Inferencefin - INFO - start-inf-cp-r0.8-lay[25]-ind1
2024-07-04 17:48:28,688 - Inferencefin - INFO - end-inf--ind1
2024-07-04 17:48:29,210 - Inferencefin - INFO - start-inf-cp-r0.9-lay[25]-ind1
2024-07-04 17:48:35,717 - Inferencefin - INFO - end-inf--ind1
2024-07-04 17:48:36,249 - Inferencefin - INFO - start-inf-cp-r0.1-lay[19]-ind1
2024-07-04 17:48:42,670 - Inferencefin - INFO - end-inf--ind1
2024-07-04 17:48:43,201 - Inferencefin - INFO - start-inf-cp-r0.2-lay[19]-ind1
2024-07-04 17:48:49,761 - Inferencefin - INFO - end-inf--ind1
2024-07-04 17:48:50,039 - Inferencefin - INFO - start-inf-cp-r0.3-lay[19]-ind1
2024-07-04 17:48:56,655 - Inferencefin - INFO - end-inf--ind1
2024-07-04 17:48:56,806 - Inferencefin - INFO - start-inf-cp-r0.4-lay[19]-ind1
2024-07-04 17:49:03,661 - Inferencefin - INFO - end-inf--ind1
2024-07-04 17:49:03,817 - Inferencefin - INFO - start-inf-cp-r0.5-lay[19]-ind1
2024-07-04 17:49:10,724 - Inferencefin - INFO - end-inf--ind1
2024-07-04 17:49:10,851 - Inferencefin - INFO - start-inf-cp-r0.6-lay[19]-ind1
2024-07-04 17:49:17,947 - Inferencefin - INFO - end-inf--ind1
2024-07-04 17:49:18,082 - Inferencefin - INFO - start-inf-cp-r0.7-lay[19]-ind1
2024-07-04 17:49:25,302 - Inferencefin - INFO - end-inf--ind1
2024-07-04 17:49:25,859 - Inferencefin - INFO - start-inf-cp-r0.8-lay[19]-ind1
2024-07-04 17:49:33,271 - Inferencefin - INFO - end-inf--ind1
2024-07-04 17:49:33,746 - Inferencefin - INFO - start-inf-cp-r0.9-lay[19]-ind1
2024-07-04 17:49:41,315 - Inferencefin - INFO - end-inf--ind1
2024-07-04 17:49:41,845 - Inferencefin - INFO - start-inf-cp-r0.1-lay[6]-ind1
2024-07-04 17:49:48,433 - Inferencefin - INFO - end-inf--ind1
2024-07-04 17:49:48,710 - Inferencefin - INFO - start-inf-cp-r0.2-lay[6]-ind1
2024-07-04 17:49:55,256 - Inferencefin - INFO - end-inf--ind1
2024-07-04 17:49:55,791 - Inferencefin - INFO - start-inf-cp-r0.3-lay[6]-ind1
2024-07-04 17:50:02,573 - Inferencefin - INFO - end-inf--ind1
2024-07-04 17:50:03,109 - Inferencefin - INFO - start-inf-cp-r0.4-lay[6]-ind1
2024-07-04 17:50:10,102 - Inferencefin - INFO - end-inf--ind1
2024-07-04 17:50:10,213 - Inferencefin - INFO - start-inf-cp-r0.5-lay[6]-ind1
2024-07-04 17:50:17,658 - Inferencefin - INFO - end-inf--ind1
2024-07-04 17:50:18,159 - Inferencefin - INFO - start-inf-cp-r0.6-lay[6]-ind1
2024-07-04 17:50:25,807 - Inferencefin - INFO - end-inf--ind1
2024-07-04 17:50:26,094 - Inferencefin - INFO - start-inf-cp-r0.7-lay[6]-ind1
2024-07-04 17:50:33,965 - Inferencefin - INFO - end-inf--ind1
2024-07-04 17:50:33,998 - Inferencefin - INFO - start-inf-cp-r0.8-lay[6]-ind1
2024-07-04 17:50:42,050 - Inferencefin - INFO - end-inf--ind1
2024-07-04 17:50:42,551 - Inferencefin - INFO - start-inf-cp-r0.9-lay[6]-ind1
2024-07-04 17:50:50,793 - Inferencefin - INFO - end-inf--ind1
2024-07-04 17:50:51,228 - Inferencefin - INFO - start-inf-tucker-r0.1-lay[63]-ind1
2024-07-04 17:50:57,529 - Inferencefin - INFO - end-inf--ind1
2024-07-04 17:50:57,981 - Inferencefin - INFO - start-inf-tucker-r0.2-lay[63]-ind1
2024-07-04 17:51:04,450 - Inferencefin - INFO - end-inf--ind1
2024-07-04 17:51:04,963 - Inferencefin - INFO - start-inf-tucker-r0.3-lay[63]-ind1
2024-07-04 17:51:11,593 - Inferencefin - INFO - end-inf--ind1
2024-07-04 17:51:12,097 - Inferencefin - INFO - start-inf-tucker-r0.4-lay[63]-ind1
2024-07-04 17:51:18,952 - Inferencefin - INFO - end-inf--ind1
2024-07-04 17:51:19,606 - Inferencefin - INFO - start-inf-tucker-r0.5-lay[63]-ind1
2024-07-04 17:51:26,612 - Inferencefin - INFO - end-inf--ind1
2024-07-04 17:51:27,223 - Inferencefin - INFO - start-inf-tucker-r0.6-lay[63]-ind1
2024-07-04 17:51:34,337 - Inferencefin - INFO - end-inf--ind1
2024-07-04 17:51:34,911 - Inferencefin - INFO - start-inf-tucker-r0.7-lay[63]-ind1
2024-07-04 17:51:42,132 - Inferencefin - INFO - end-inf--ind1
2024-07-04 17:51:42,727 - Inferencefin - INFO - start-inf-tucker-r0.8-lay[63]-ind1
2024-07-04 17:51:49,729 - Inferencefin - INFO - end-inf--ind1
2024-07-04 17:51:50,345 - Inferencefin - INFO - start-inf-tucker-r0.9-lay[63]-ind1
2024-07-04 17:51:57,400 - Inferencefin - INFO - end-inf--ind1
2024-07-04 17:51:57,891 - Inferencefin - INFO - start-inf-tucker-r0.1-lay[57]-ind1
2024-07-04 17:52:04,291 - Inferencefin - INFO - end-inf--ind1
2024-07-04 17:52:06,275 - Inferencefin - INFO - start-inf-tucker-r0.2-lay[57]-ind1
2024-07-04 17:52:12,736 - Inferencefin - INFO - end-inf--ind1
2024-07-04 17:52:12,823 - Inferencefin - INFO - start-inf-tucker-r0.3-lay[57]-ind1
2024-07-04 17:52:19,325 - Inferencefin - INFO - end-inf--ind1
2024-07-04 17:52:19,511 - Inferencefin - INFO - start-inf-tucker-r0.4-lay[57]-ind1
2024-07-04 17:52:26,046 - Inferencefin - INFO - end-inf--ind1
2024-07-04 17:52:26,408 - Inferencefin - INFO - start-inf-tucker-r0.5-lay[57]-ind1
2024-07-04 17:52:32,951 - Inferencefin - INFO - end-inf--ind1
2024-07-04 17:52:33,529 - Inferencefin - INFO - start-inf-tucker-r0.6-lay[57]-ind1
2024-07-04 17:52:40,119 - Inferencefin - INFO - end-inf--ind1
2024-07-04 17:52:40,710 - Inferencefin - INFO - start-inf-tucker-r0.7-lay[57]-ind1
2024-07-04 17:52:47,291 - Inferencefin - INFO - end-inf--ind1
2024-07-04 17:52:47,980 - Inferencefin - INFO - start-inf-tucker-r0.8-lay[57]-ind1
2024-07-04 17:52:54,611 - Inferencefin - INFO - end-inf--ind1
2024-07-04 17:52:55,255 - Inferencefin - INFO - start-inf-tucker-r0.9-lay[57]-ind1
2024-07-04 17:53:01,880 - Inferencefin - INFO - end-inf--ind1
2024-07-04 17:53:02,434 - Inferencefin - INFO - start-inf-tucker-r0.1-lay[51]-ind1
2024-07-04 17:53:08,907 - Inferencefin - INFO - end-inf--ind1
2024-07-04 17:53:09,458 - Inferencefin - INFO - start-inf-tucker-r0.2-lay[51]-ind1
2024-07-04 17:53:16,085 - Inferencefin - INFO - end-inf--ind1
2024-07-04 17:53:16,121 - Inferencefin - INFO - start-inf-tucker-r0.3-lay[51]-ind1
2024-07-04 17:53:22,768 - Inferencefin - INFO - end-inf--ind1
2024-07-04 17:53:23,324 - Inferencefin - INFO - start-inf-tucker-r0.4-lay[51]-ind1
2024-07-04 17:53:30,105 - Inferencefin - INFO - end-inf--ind1
2024-07-04 17:53:30,687 - Inferencefin - INFO - start-inf-tucker-r0.5-lay[51]-ind1
2024-07-04 17:53:37,535 - Inferencefin - INFO - end-inf--ind1
2024-07-04 17:53:37,802 - Inferencefin - INFO - start-inf-tucker-r0.6-lay[51]-ind1
2024-07-04 17:53:44,659 - Inferencefin - INFO - end-inf--ind1
2024-07-04 17:53:44,879 - Inferencefin - INFO - start-inf-tucker-r0.7-lay[51]-ind1
2024-07-04 17:53:51,757 - Inferencefin - INFO - end-inf--ind1
2024-07-04 17:53:52,319 - Inferencefin - INFO - start-inf-tucker-r0.8-lay[51]-ind1
2024-07-04 17:53:59,284 - Inferencefin - INFO - end-inf--ind1
2024-07-04 17:53:59,850 - Inferencefin - INFO - start-inf-tucker-r0.9-lay[51]-ind1
2024-07-04 17:54:06,946 - Inferencefin - INFO - end-inf--ind1
2024-07-04 17:54:07,517 - Inferencefin - INFO - start-inf-tucker-r0.1-lay[47]-ind1
2024-07-04 17:54:13,876 - Inferencefin - INFO - end-inf--ind1
2024-07-04 17:54:14,398 - Inferencefin - INFO - start-inf-tucker-r0.2-lay[47]-ind1
2024-07-04 17:54:20,798 - Inferencefin - INFO - end-inf--ind1
2024-07-04 17:54:21,333 - Inferencefin - INFO - start-inf-tucker-r0.3-lay[47]-ind1
2024-07-04 17:54:27,711 - Inferencefin - INFO - end-inf--ind1
2024-07-04 17:54:28,250 - Inferencefin - INFO - start-inf-tucker-r0.4-lay[47]-ind1
2024-07-04 17:54:34,746 - Inferencefin - INFO - end-inf--ind1
2024-07-04 17:54:35,276 - Inferencefin - INFO - start-inf-tucker-r0.5-lay[47]-ind1
2024-07-04 17:54:41,853 - Inferencefin - INFO - end-inf--ind1
2024-07-04 17:54:42,371 - Inferencefin - INFO - start-inf-tucker-r0.6-lay[47]-ind1
2024-07-04 17:54:49,042 - Inferencefin - INFO - end-inf--ind1
2024-07-04 17:54:49,654 - Inferencefin - INFO - start-inf-tucker-r0.7-lay[47]-ind1
2024-07-04 17:54:56,295 - Inferencefin - INFO - end-inf--ind1
2024-07-04 17:54:56,889 - Inferencefin - INFO - start-inf-tucker-r0.8-lay[47]-ind1
2024-07-04 17:55:03,532 - Inferencefin - INFO - end-inf--ind1
2024-07-04 17:55:04,103 - Inferencefin - INFO - start-inf-tucker-r0.9-lay[47]-ind1
2024-07-04 17:55:10,791 - Inferencefin - INFO - end-inf--ind1
2024-07-04 17:55:11,364 - Inferencefin - INFO - start-inf-tucker-r0.1-lay[41]-ind1
2024-07-04 17:55:17,596 - Inferencefin - INFO - end-inf--ind1
2024-07-04 17:55:18,198 - Inferencefin - INFO - start-inf-tucker-r0.2-lay[41]-ind1
2024-07-04 17:55:24,471 - Inferencefin - INFO - end-inf--ind1
2024-07-04 17:55:25,031 - Inferencefin - INFO - start-inf-tucker-r0.3-lay[41]-ind1
2024-07-04 17:55:31,396 - Inferencefin - INFO - end-inf--ind1
2024-07-04 17:55:31,896 - Inferencefin - INFO - start-inf-tucker-r0.4-lay[41]-ind1
2024-07-04 17:55:38,279 - Inferencefin - INFO - end-inf--ind1
2024-07-04 17:55:38,935 - Inferencefin - INFO - start-inf-tucker-r0.5-lay[41]-ind1
2024-07-04 17:55:45,322 - Inferencefin - INFO - end-inf--ind1
2024-07-04 17:55:45,888 - Inferencefin - INFO - start-inf-tucker-r0.6-lay[41]-ind1
2024-07-04 17:55:52,180 - Inferencefin - INFO - end-inf--ind1
2024-07-04 17:55:52,686 - Inferencefin - INFO - start-inf-tucker-r0.7-lay[41]-ind1
2024-07-04 17:55:58,991 - Inferencefin - INFO - end-inf--ind1
2024-07-04 17:55:59,522 - Inferencefin - INFO - start-inf-tucker-r0.8-lay[41]-ind1
2024-07-04 17:56:05,818 - Inferencefin - INFO - end-inf--ind1
2024-07-04 17:56:06,372 - Inferencefin - INFO - start-inf-tucker-r0.9-lay[41]-ind1
2024-07-04 17:56:12,639 - Inferencefin - INFO - end-inf--ind1
2024-07-04 17:56:13,193 - Inferencefin - INFO - start-inf-tucker-r0.1-lay[35]-ind1
2024-07-04 17:56:19,498 - Inferencefin - INFO - end-inf--ind1
2024-07-04 17:56:20,057 - Inferencefin - INFO - start-inf-tucker-r0.2-lay[35]-ind1
2024-07-04 17:56:26,282 - Inferencefin - INFO - end-inf--ind1
2024-07-04 17:56:26,923 - Inferencefin - INFO - start-inf-tucker-r0.3-lay[35]-ind1
2024-07-04 17:56:33,178 - Inferencefin - INFO - end-inf--ind1
2024-07-04 17:56:33,734 - Inferencefin - INFO - start-inf-tucker-r0.4-lay[35]-ind1
2024-07-04 17:56:40,009 - Inferencefin - INFO - end-inf--ind1
2024-07-04 17:56:40,561 - Inferencefin - INFO - start-inf-tucker-r0.5-lay[35]-ind1
2024-07-04 17:56:46,991 - Inferencefin - INFO - end-inf--ind1
2024-07-04 17:56:47,662 - Inferencefin - INFO - start-inf-tucker-r0.6-lay[35]-ind1
2024-07-04 17:56:54,124 - Inferencefin - INFO - end-inf--ind1
2024-07-04 17:56:54,888 - Inferencefin - INFO - start-inf-tucker-r0.7-lay[35]-ind1
2024-07-04 17:57:01,359 - Inferencefin - INFO - end-inf--ind1
2024-07-04 17:57:13,995 - Inferencefin - INFO - start-inf-tucker-r0.8-lay[35]-ind1
2024-07-04 17:57:20,027 - Inferencefin - INFO - end-inf--ind1
2024-07-04 17:57:27,531 - Inferencefin - INFO - start-inf-tucker-r0.9-lay[35]-ind1
2024-07-04 17:57:33,637 - Inferencefin - INFO - end-inf--ind1
2024-07-04 17:57:42,658 - Inferencefin - INFO - start-inf-tucker-r0.1-lay[28]-ind1
2024-07-04 17:57:48,449 - Inferencefin - INFO - end-inf--ind1
2024-07-04 17:57:54,694 - Inferencefin - INFO - start-inf-tucker-r0.2-lay[28]-ind1
2024-07-04 17:58:00,511 - Inferencefin - INFO - end-inf--ind1
2024-07-04 17:58:01,115 - Inferencefin - INFO - start-inf-tucker-r0.3-lay[28]-ind1
2024-07-04 17:58:07,210 - Inferencefin - INFO - end-inf--ind1
2024-07-04 17:58:07,598 - Inferencefin - INFO - start-inf-tucker-r0.4-lay[28]-ind1
2024-07-04 17:58:13,832 - Inferencefin - INFO - end-inf--ind1
2024-07-04 17:58:14,037 - Inferencefin - INFO - start-inf-tucker-r0.5-lay[28]-ind1
2024-07-04 17:58:20,235 - Inferencefin - INFO - end-inf--ind1
2024-07-04 17:58:29,322 - Inferencefin - INFO - start-inf-tucker-r0.6-lay[28]-ind1
2024-07-04 17:58:35,224 - Inferencefin - INFO - end-inf--ind1
2024-07-04 17:58:35,841 - Inferencefin - INFO - start-inf-tucker-r0.7-lay[28]-ind1
2024-07-04 17:58:42,108 - Inferencefin - INFO - end-inf--ind1
2024-07-04 17:58:51,086 - Inferencefin - INFO - start-inf-tucker-r0.8-lay[28]-ind1
2024-07-04 17:58:57,011 - Inferencefin - INFO - end-inf--ind1
2024-07-04 17:58:57,913 - Inferencefin - INFO - start-inf-tucker-r0.9-lay[28]-ind1
2024-07-04 17:59:04,236 - Inferencefin - INFO - end-inf--ind1
2024-07-04 17:59:04,771 - Inferencefin - INFO - start-inf-tucker-r0.1-lay[25]-ind1
2024-07-04 17:59:11,077 - Inferencefin - INFO - end-inf--ind1
2024-07-04 17:59:11,321 - Inferencefin - INFO - start-inf-tucker-r0.2-lay[25]-ind1
2024-07-04 17:59:17,637 - Inferencefin - INFO - end-inf--ind1
2024-07-04 17:59:28,816 - Inferencefin - INFO - start-inf-tucker-r0.3-lay[25]-ind1
2024-07-04 17:59:34,651 - Inferencefin - INFO - end-inf--ind1
2024-07-04 17:59:35,166 - Inferencefin - INFO - start-inf-tucker-r0.4-lay[25]-ind1
2024-07-04 17:59:41,387 - Inferencefin - INFO - end-inf--ind1
2024-07-04 17:59:43,505 - Inferencefin - INFO - start-inf-tucker-r0.5-lay[25]-ind1
2024-07-04 17:59:49,878 - Inferencefin - INFO - end-inf--ind1
2024-07-04 17:59:50,276 - Inferencefin - INFO - start-inf-tucker-r0.6-lay[25]-ind1
2024-07-04 17:59:56,684 - Inferencefin - INFO - end-inf--ind1
2024-07-04 17:59:57,204 - Inferencefin - INFO - start-inf-tucker-r0.7-lay[25]-ind1
2024-07-04 18:00:03,620 - Inferencefin - INFO - end-inf--ind1
2024-07-04 18:00:04,124 - Inferencefin - INFO - start-inf-tucker-r0.8-lay[25]-ind1
2024-07-04 18:00:10,485 - Inferencefin - INFO - end-inf--ind1
2024-07-04 18:00:10,797 - Inferencefin - INFO - start-inf-tucker-r0.9-lay[25]-ind1
2024-07-04 18:00:17,220 - Inferencefin - INFO - end-inf--ind1
2024-07-04 18:00:22,901 - Inferencefin - INFO - start-inf-tucker-r0.1-lay[19]-ind1
2024-07-04 18:00:29,032 - Inferencefin - INFO - end-inf--ind1
2024-07-04 18:00:38,788 - Inferencefin - INFO - start-inf-tucker-r0.2-lay[19]-ind1
2024-07-04 18:00:44,677 - Inferencefin - INFO - end-inf--ind1
2024-07-04 18:01:00,304 - Inferencefin - INFO - start-inf-tucker-r0.3-lay[19]-ind1
2024-07-04 18:01:06,137 - Inferencefin - INFO - end-inf--ind1
2024-07-04 18:01:06,731 - Inferencefin - INFO - start-inf-tucker-r0.4-lay[19]-ind1
2024-07-04 18:01:12,770 - Inferencefin - INFO - end-inf--ind1
2024-07-04 18:01:13,339 - Inferencefin - INFO - start-inf-tucker-r0.5-lay[19]-ind1
2024-07-04 18:01:19,639 - Inferencefin - INFO - end-inf--ind1
2024-07-04 18:01:20,224 - Inferencefin - INFO - start-inf-tucker-r0.6-lay[19]-ind1
2024-07-04 18:01:26,566 - Inferencefin - INFO - end-inf--ind1
2024-07-04 18:01:35,153 - Inferencefin - INFO - start-inf-tucker-r0.7-lay[19]-ind1
2024-07-04 18:01:41,111 - Inferencefin - INFO - end-inf--ind1
2024-07-04 18:01:41,676 - Inferencefin - INFO - start-inf-tucker-r0.8-lay[19]-ind1
2024-07-04 18:01:48,036 - Inferencefin - INFO - end-inf--ind1
2024-07-04 18:01:57,207 - Inferencefin - INFO - start-inf-tucker-r0.9-lay[19]-ind1
2024-07-04 18:02:03,167 - Inferencefin - INFO - end-inf--ind1
2024-07-04 18:02:03,741 - Inferencefin - INFO - start-inf-tucker-r0.1-lay[6]-ind1
2024-07-04 18:02:09,968 - Inferencefin - INFO - end-inf--ind1
2024-07-04 18:02:10,521 - Inferencefin - INFO - start-inf-tucker-r0.2-lay[6]-ind1
2024-07-04 18:02:16,912 - Inferencefin - INFO - end-inf--ind1
2024-07-04 18:02:17,902 - Inferencefin - INFO - start-inf-tucker-r0.3-lay[6]-ind1
2024-07-04 18:02:24,293 - Inferencefin - INFO - end-inf--ind1
2024-07-04 18:02:24,849 - Inferencefin - INFO - start-inf-tucker-r0.4-lay[6]-ind1
2024-07-04 18:02:31,326 - Inferencefin - INFO - end-inf--ind1
2024-07-04 18:02:37,589 - Inferencefin - INFO - start-inf-tucker-r0.5-lay[6]-ind1
2024-07-04 18:02:43,895 - Inferencefin - INFO - end-inf--ind1
2024-07-04 18:02:44,472 - Inferencefin - INFO - start-inf-tucker-r0.6-lay[6]-ind1
2024-07-04 18:02:50,986 - Inferencefin - INFO - end-inf--ind1
2024-07-04 18:02:51,362 - Inferencefin - INFO - start-inf-tucker-r0.7-lay[6]-ind1
2024-07-04 18:02:57,889 - Inferencefin - INFO - end-inf--ind1
2024-07-04 18:02:58,512 - Inferencefin - INFO - start-inf-tucker-r0.8-lay[6]-ind1
2024-07-04 18:03:05,022 - Inferencefin - INFO - end-inf--ind1
2024-07-04 18:03:05,586 - Inferencefin - INFO - start-inf-tucker-r0.9-lay[6]-ind1
2024-07-04 18:03:12,077 - Inferencefin - INFO - end-inf--ind1
2024-07-04 18:03:12,580 - Inferencefin - INFO - start-inf-tt-r0.1-lay[63]-ind1
2024-07-04 18:03:18,878 - Inferencefin - INFO - end-inf--ind1
2024-07-04 18:03:19,369 - Inferencefin - INFO - start-inf-tt-r0.2-lay[63]-ind1
2024-07-04 18:03:25,454 - Inferencefin - INFO - end-inf--ind1
2024-07-04 18:03:25,890 - Inferencefin - INFO - start-inf-tt-r0.3-lay[63]-ind1
2024-07-04 18:03:32,549 - Inferencefin - INFO - end-inf--ind1
2024-07-04 18:03:32,980 - Inferencefin - INFO - start-inf-tt-r0.4-lay[63]-ind1
2024-07-04 18:03:39,619 - Inferencefin - INFO - end-inf--ind1
2024-07-04 18:03:40,121 - Inferencefin - INFO - start-inf-tt-r0.5-lay[63]-ind1
2024-07-04 18:03:46,809 - Inferencefin - INFO - end-inf--ind1
2024-07-04 18:03:47,272 - Inferencefin - INFO - start-inf-tt-r0.6-lay[63]-ind1
2024-07-04 18:03:53,968 - Inferencefin - INFO - end-inf--ind1
2024-07-04 18:03:54,465 - Inferencefin - INFO - start-inf-tt-r0.7-lay[63]-ind1
2024-07-04 18:04:01,121 - Inferencefin - INFO - end-inf--ind1
2024-07-04 18:04:01,588 - Inferencefin - INFO - start-inf-tt-r0.8-lay[63]-ind1
2024-07-04 18:04:08,290 - Inferencefin - INFO - end-inf--ind1
2024-07-04 18:04:08,789 - Inferencefin - INFO - start-inf-tt-r0.9-lay[63]-ind1
2024-07-04 18:04:15,516 - Inferencefin - INFO - end-inf--ind1
2024-07-04 18:04:16,096 - Inferencefin - INFO - start-inf-tt-r0.1-lay[57]-ind1
2024-07-04 18:04:22,534 - Inferencefin - INFO - end-inf--ind1
2024-07-04 18:04:23,091 - Inferencefin - INFO - start-inf-tt-r0.2-lay[57]-ind1
2024-07-04 18:04:29,467 - Inferencefin - INFO - end-inf--ind1
2024-07-04 18:04:30,121 - Inferencefin - INFO - start-inf-tt-r0.3-lay[57]-ind1
2024-07-04 18:04:36,512 - Inferencefin - INFO - end-inf--ind1
2024-07-04 18:04:37,106 - Inferencefin - INFO - start-inf-tt-r0.4-lay[57]-ind1
2024-07-04 18:04:43,512 - Inferencefin - INFO - end-inf--ind1
2024-07-04 18:04:49,649 - Inferencefin - INFO - start-inf-tt-r0.5-lay[57]-ind1
2024-07-04 18:04:55,764 - Inferencefin - INFO - end-inf--ind1
2024-07-04 18:04:56,393 - Inferencefin - INFO - start-inf-tt-r0.6-lay[57]-ind1
2024-07-04 18:05:02,831 - Inferencefin - INFO - end-inf--ind1
2024-07-04 18:05:03,361 - Inferencefin - INFO - start-inf-tt-r0.7-lay[57]-ind1
2024-07-04 18:05:09,813 - Inferencefin - INFO - end-inf--ind1
2024-07-04 18:05:10,381 - Inferencefin - INFO - start-inf-tt-r0.8-lay[57]-ind1
2024-07-04 18:05:16,881 - Inferencefin - INFO - end-inf--ind1
2024-07-04 18:05:17,443 - Inferencefin - INFO - start-inf-tt-r0.9-lay[57]-ind1
2024-07-04 18:05:23,933 - Inferencefin - INFO - end-inf--ind1
2024-07-04 18:05:24,460 - Inferencefin - INFO - start-inf-tt-r0.1-lay[51]-ind1
2024-07-04 18:05:30,797 - Inferencefin - INFO - end-inf--ind1
2024-07-04 18:05:31,349 - Inferencefin - INFO - start-inf-tt-r0.2-lay[51]-ind1
2024-07-04 18:05:37,737 - Inferencefin - INFO - end-inf--ind1
2024-07-04 18:05:38,260 - Inferencefin - INFO - start-inf-tt-r0.3-lay[51]-ind1
2024-07-04 18:05:44,771 - Inferencefin - INFO - end-inf--ind1
2024-07-04 18:05:45,244 - Inferencefin - INFO - start-inf-tt-r0.4-lay[51]-ind1
2024-07-04 18:05:51,768 - Inferencefin - INFO - end-inf--ind1
2024-07-04 18:05:52,279 - Inferencefin - INFO - start-inf-tt-r0.5-lay[51]-ind1
2024-07-04 18:05:58,833 - Inferencefin - INFO - end-inf--ind1
2024-07-04 18:05:59,373 - Inferencefin - INFO - start-inf-tt-r0.6-lay[51]-ind1
2024-07-04 18:06:05,913 - Inferencefin - INFO - end-inf--ind1
2024-07-04 18:06:06,444 - Inferencefin - INFO - start-inf-tt-r0.7-lay[51]-ind1
2024-07-04 18:06:12,982 - Inferencefin - INFO - end-inf--ind1
2024-07-04 18:06:13,528 - Inferencefin - INFO - start-inf-tt-r0.8-lay[51]-ind1
2024-07-04 18:06:20,129 - Inferencefin - INFO - end-inf--ind1
2024-07-04 18:06:20,711 - Inferencefin - INFO - start-inf-tt-r0.9-lay[51]-ind1
2024-07-04 18:06:27,288 - Inferencefin - INFO - end-inf--ind1
2024-07-04 18:06:27,877 - Inferencefin - INFO - start-inf-tt-r0.1-lay[47]-ind1
2024-07-04 18:06:34,239 - Inferencefin - INFO - end-inf--ind1
2024-07-04 18:06:34,850 - Inferencefin - INFO - start-inf-tt-r0.2-lay[47]-ind1
2024-07-04 18:06:41,347 - Inferencefin - INFO - end-inf--ind1
2024-07-04 18:06:47,914 - Inferencefin - INFO - start-inf-tt-r0.3-lay[47]-ind1
2024-07-04 18:06:54,130 - Inferencefin - INFO - end-inf--ind1
2024-07-04 18:06:54,713 - Inferencefin - INFO - start-inf-tt-r0.4-lay[47]-ind1
2024-07-04 18:07:01,253 - Inferencefin - INFO - end-inf--ind1
2024-07-04 18:07:02,526 - Inferencefin - INFO - start-inf-tt-r0.5-lay[47]-ind1
2024-07-04 18:07:09,091 - Inferencefin - INFO - end-inf--ind1
2024-07-04 18:07:09,678 - Inferencefin - INFO - start-inf-tt-r0.6-lay[47]-ind1
2024-07-04 18:07:16,287 - Inferencefin - INFO - end-inf--ind1
2024-07-04 18:07:16,882 - Inferencefin - INFO - start-inf-tt-r0.7-lay[47]-ind1
2024-07-04 18:07:23,468 - Inferencefin - INFO - end-inf--ind1
2024-07-04 18:07:24,059 - Inferencefin - INFO - start-inf-tt-r0.8-lay[47]-ind1
2024-07-04 18:07:30,666 - Inferencefin - INFO - end-inf--ind1
2024-07-04 18:07:31,590 - Inferencefin - INFO - start-inf-tt-r0.9-lay[47]-ind1
2024-07-04 18:07:38,159 - Inferencefin - INFO - end-inf--ind1
2024-07-04 18:07:38,777 - Inferencefin - INFO - start-inf-tt-r0.1-lay[41]-ind1
2024-07-04 18:07:45,124 - Inferencefin - INFO - end-inf--ind1
2024-07-04 18:07:45,704 - Inferencefin - INFO - start-inf-tt-r0.2-lay[41]-ind1
2024-07-04 18:07:52,003 - Inferencefin - INFO - end-inf--ind1
2024-07-04 18:07:54,641 - Inferencefin - INFO - start-inf-tt-r0.3-lay[41]-ind1
2024-07-04 18:08:00,853 - Inferencefin - INFO - end-inf--ind1
2024-07-04 18:08:01,514 - Inferencefin - INFO - start-inf-tt-r0.4-lay[41]-ind1
2024-07-04 18:08:07,857 - Inferencefin - INFO - end-inf--ind1
2024-07-04 18:08:08,479 - Inferencefin - INFO - start-inf-tt-r0.5-lay[41]-ind1
2024-07-04 18:08:14,753 - Inferencefin - INFO - end-inf--ind1
2024-07-04 18:08:15,437 - Inferencefin - INFO - start-inf-tt-r0.6-lay[41]-ind1
2024-07-04 18:08:21,758 - Inferencefin - INFO - end-inf--ind1
2024-07-04 18:08:22,418 - Inferencefin - INFO - start-inf-tt-r0.7-lay[41]-ind1
2024-07-04 18:08:28,767 - Inferencefin - INFO - end-inf--ind1
2024-07-04 18:08:29,430 - Inferencefin - INFO - start-inf-tt-r0.8-lay[41]-ind1
2024-07-04 18:08:35,783 - Inferencefin - INFO - end-inf--ind1
2024-07-04 18:09:00,799 - Inferencefin - INFO - start-inf-tt-r0.9-lay[41]-ind1
2024-07-04 18:09:06,715 - Inferencefin - INFO - end-inf--ind1
2024-07-04 18:09:07,276 - Inferencefin - INFO - start-inf-tt-r0.1-lay[35]-ind1
2024-07-04 18:09:13,067 - Inferencefin - INFO - end-inf--ind1
2024-07-04 18:09:13,652 - Inferencefin - INFO - start-inf-tt-r0.2-lay[35]-ind1
2024-07-04 18:09:19,719 - Inferencefin - INFO - end-inf--ind1
2024-07-04 18:09:28,404 - Inferencefin - INFO - start-inf-tt-r0.3-lay[35]-ind1
2024-07-04 18:09:34,228 - Inferencefin - INFO - end-inf--ind1
2024-07-04 18:09:34,823 - Inferencefin - INFO - start-inf-tt-r0.4-lay[35]-ind1
2024-07-04 18:09:41,164 - Inferencefin - INFO - end-inf--ind1
2024-07-04 18:09:41,743 - Inferencefin - INFO - start-inf-tt-r0.5-lay[35]-ind1
2024-07-04 18:09:48,177 - Inferencefin - INFO - end-inf--ind1
2024-07-04 18:09:57,415 - Inferencefin - INFO - start-inf-tt-r0.6-lay[35]-ind1
2024-07-04 18:10:03,389 - Inferencefin - INFO - end-inf--ind1
2024-07-04 18:10:04,013 - Inferencefin - INFO - start-inf-tt-r0.7-lay[35]-ind1
2024-07-04 18:10:10,403 - Inferencefin - INFO - end-inf--ind1
2024-07-04 18:10:11,122 - Inferencefin - INFO - start-inf-tt-r0.8-lay[35]-ind1
2024-07-04 18:10:17,553 - Inferencefin - INFO - end-inf--ind1
2024-07-04 18:10:18,199 - Inferencefin - INFO - start-inf-tt-r0.9-lay[35]-ind1
2024-07-04 18:10:24,592 - Inferencefin - INFO - end-inf--ind1
2024-07-04 18:10:25,196 - Inferencefin - INFO - start-inf-tt-r0.1-lay[28]-ind1
2024-07-04 18:10:31,448 - Inferencefin - INFO - end-inf--ind1
2024-07-04 18:10:32,101 - Inferencefin - INFO - start-inf-tt-r0.2-lay[28]-ind1
2024-07-04 18:10:38,319 - Inferencefin - INFO - end-inf--ind1
2024-07-04 18:10:44,579 - Inferencefin - INFO - start-inf-tt-r0.3-lay[28]-ind1
2024-07-04 18:10:50,665 - Inferencefin - INFO - end-inf--ind1
2024-07-04 18:10:51,305 - Inferencefin - INFO - start-inf-tt-r0.4-lay[28]-ind1
2024-07-04 18:10:57,580 - Inferencefin - INFO - end-inf--ind1
2024-07-04 18:10:58,168 - Inferencefin - INFO - start-inf-tt-r0.5-lay[28]-ind1
2024-07-04 18:11:04,503 - Inferencefin - INFO - end-inf--ind1
2024-07-04 18:11:10,453 - Inferencefin - INFO - start-inf-tt-r0.6-lay[28]-ind1
2024-07-04 18:11:16,465 - Inferencefin - INFO - end-inf--ind1
2024-07-04 18:11:22,483 - Inferencefin - INFO - start-inf-tt-r0.7-lay[28]-ind1
2024-07-04 18:11:28,476 - Inferencefin - INFO - end-inf--ind1
2024-07-04 18:11:29,102 - Inferencefin - INFO - start-inf-tt-r0.8-lay[28]-ind1
2024-07-04 18:11:35,417 - Inferencefin - INFO - end-inf--ind1
2024-07-04 18:11:36,058 - Inferencefin - INFO - start-inf-tt-r0.9-lay[28]-ind1
2024-07-04 18:11:42,363 - Inferencefin - INFO - end-inf--ind1
2024-07-04 18:11:51,045 - Inferencefin - INFO - start-inf-tt-r0.1-lay[25]-ind1
2024-07-04 18:11:56,967 - Inferencefin - INFO - end-inf--ind1
2024-07-04 18:11:57,611 - Inferencefin - INFO - start-inf-tt-r0.2-lay[25]-ind1
2024-07-04 18:12:03,940 - Inferencefin - INFO - end-inf--ind1
2024-07-04 18:12:04,586 - Inferencefin - INFO - start-inf-tt-r0.3-lay[25]-ind1
2024-07-04 18:12:10,913 - Inferencefin - INFO - end-inf--ind1
2024-07-04 18:12:16,812 - Inferencefin - INFO - start-inf-tt-r0.4-lay[25]-ind1
2024-07-04 18:12:22,840 - Inferencefin - INFO - end-inf--ind1
2024-07-04 18:12:23,521 - Inferencefin - INFO - start-inf-tt-r0.5-lay[25]-ind1
2024-07-04 18:12:29,828 - Inferencefin - INFO - end-inf--ind1
2024-07-04 18:12:30,473 - Inferencefin - INFO - start-inf-tt-r0.6-lay[25]-ind1
2024-07-04 18:12:36,764 - Inferencefin - INFO - end-inf--ind1
2024-07-04 18:12:52,064 - Inferencefin - INFO - start-inf-tt-r0.7-lay[25]-ind1
2024-07-04 18:12:57,966 - Inferencefin - INFO - end-inf--ind1
2024-07-04 18:12:58,638 - Inferencefin - INFO - start-inf-tt-r0.8-lay[25]-ind1
2024-07-04 18:13:04,816 - Inferencefin - INFO - end-inf--ind1
2024-07-04 18:13:07,444 - Inferencefin - INFO - start-inf-tt-r0.9-lay[25]-ind1
2024-07-04 18:13:13,676 - Inferencefin - INFO - end-inf--ind1
2024-07-04 18:13:14,198 - Inferencefin - INFO - start-inf-tt-r0.1-lay[19]-ind1
2024-07-04 18:13:20,468 - Inferencefin - INFO - end-inf--ind1
2024-07-04 18:13:29,774 - Inferencefin - INFO - start-inf-tt-r0.2-lay[19]-ind1
2024-07-04 18:13:35,737 - Inferencefin - INFO - end-inf--ind1
2024-07-04 18:13:36,411 - Inferencefin - INFO - start-inf-tt-r0.3-lay[19]-ind1
2024-07-04 18:13:42,699 - Inferencefin - INFO - end-inf--ind1
2024-07-04 18:13:43,347 - Inferencefin - INFO - start-inf-tt-r0.4-lay[19]-ind1
2024-07-04 18:13:49,732 - Inferencefin - INFO - end-inf--ind1
2024-07-04 18:13:56,018 - Inferencefin - INFO - start-inf-tt-r0.5-lay[19]-ind1
2024-07-04 18:14:02,158 - Inferencefin - INFO - end-inf--ind1
2024-07-04 18:14:02,793 - Inferencefin - INFO - start-inf-tt-r0.6-lay[19]-ind1
2024-07-04 18:14:09,176 - Inferencefin - INFO - end-inf--ind1
2024-07-04 18:14:20,542 - Inferencefin - INFO - start-inf-tt-r0.7-lay[19]-ind1
2024-07-04 18:14:26,608 - Inferencefin - INFO - end-inf--ind1
2024-07-04 18:14:27,286 - Inferencefin - INFO - start-inf-tt-r0.8-lay[19]-ind1
2024-07-04 18:14:33,699 - Inferencefin - INFO - end-inf--ind1
2024-07-04 18:14:34,364 - Inferencefin - INFO - start-inf-tt-r0.9-lay[19]-ind1
2024-07-04 18:14:40,758 - Inferencefin - INFO - end-inf--ind1
2024-07-04 18:14:41,521 - Inferencefin - INFO - start-inf-tt-r0.1-lay[6]-ind1
2024-07-04 18:14:47,897 - Inferencefin - INFO - end-inf--ind1
2024-07-04 18:14:54,555 - Inferencefin - INFO - start-inf-tt-r0.2-lay[6]-ind1
2024-07-04 18:15:00,711 - Inferencefin - INFO - end-inf--ind1
2024-07-04 18:15:01,420 - Inferencefin - INFO - start-inf-tt-r0.3-lay[6]-ind1
2024-07-04 18:15:07,829 - Inferencefin - INFO - end-inf--ind1
2024-07-04 18:15:22,809 - Inferencefin - INFO - start-inf-tt-r0.4-lay[6]-ind1
2024-07-04 18:15:28,866 - Inferencefin - INFO - end-inf--ind1
2024-07-04 18:15:29,575 - Inferencefin - INFO - start-inf-tt-r0.5-lay[6]-ind1
2024-07-04 18:15:35,989 - Inferencefin - INFO - end-inf--ind1
2024-07-04 18:15:36,746 - Inferencefin - INFO - start-inf-tt-r0.6-lay[6]-ind1
2024-07-04 18:15:43,284 - Inferencefin - INFO - end-inf--ind1
2024-07-04 18:15:43,950 - Inferencefin - INFO - start-inf-tt-r0.7-lay[6]-ind1
2024-07-04 18:15:50,487 - Inferencefin - INFO - end-inf--ind1
2024-07-04 18:15:51,199 - Inferencefin - INFO - start-inf-tt-r0.8-lay[6]-ind1
2024-07-04 18:15:57,752 - Inferencefin - INFO - end-inf--ind1
2024-07-04 18:15:58,428 - Inferencefin - INFO - start-inf-tt-r0.9-lay[6]-ind1
2024-07-04 18:16:05,068 - Inferencefin - INFO - end-inf--ind1
