2024-06-17 10:50:00,228 - Inferencefin - INFO - start-inf-base-cif-ind1
2024-06-17 11:00:05,513 - Inferencefin - INFO - end-inf-base-cif-ind1
2024-06-17 11:02:00,629 - Inferencefin - INFO - start-inf-base-cif-ind2
2024-06-17 11:12:05,426 - Inferencefin - INFO - end-inf-base-cif-ind2
2024-06-17 11:14:00,470 - Inferencefin - INFO - start-inf-base-cif-ind3
2024-06-17 11:24:05,910 - Inferencefin - INFO - end-inf-base-cif-ind3
2024-06-17 11:26:00,834 - Inferencefin - INFO - start-inf-tt-r0.1-lay[63]-ind1
2024-06-17 11:36:37,101 - Inferencefin - INFO - end-inf-tt-r0.1-lay[63]-ind1
2024-06-17 11:38:00,127 - Inferencefin - INFO - start-inf-tt-r0.1-lay[63]-ind2
2024-06-17 11:48:35,099 - Inferencefin - INFO - end-inf-tt-r0.1-lay[63]-ind2
2024-06-17 11:50:00,176 - Inferencefin - INFO - start-inf-tt-r0.1-lay[63]-ind3
2024-06-17 12:00:36,951 - Inferencefin - INFO - end-inf-tt-r0.1-lay[63]-ind3
2024-06-17 12:02:00,119 - Inferencefin - INFO - start-inf-tt-r0.2-lay[63]-ind1
2024-06-17 12:12:26,045 - Inferencefin - INFO - end-inf-tt-r0.2-lay[63]-ind1
2024-06-17 12:14:00,141 - Inferencefin - INFO - start-inf-tt-r0.2-lay[63]-ind2
2024-06-17 12:24:24,430 - Inferencefin - INFO - end-inf-tt-r0.2-lay[63]-ind2
2024-06-17 12:26:00,506 - Inferencefin - INFO - start-inf-tt-r0.2-lay[63]-ind3
2024-06-17 12:36:27,357 - Inferencefin - INFO - end-inf-tt-r0.2-lay[63]-ind3
2024-06-17 12:38:00,498 - Inferencefin - INFO - start-inf-tt-r0.3-lay[63]-ind1
2024-06-17 12:49:06,392 - Inferencefin - INFO - end-inf-tt-r0.3-lay[63]-ind1
2024-06-17 12:51:00,461 - Inferencefin - INFO - start-inf-tt-r0.3-lay[63]-ind2
2024-06-17 13:02:06,735 - Inferencefin - INFO - end-inf-tt-r0.3-lay[63]-ind2
2024-06-17 13:04:00,846 - Inferencefin - INFO - start-inf-tt-r0.3-lay[63]-ind3
2024-06-17 13:15:06,399 - Inferencefin - INFO - end-inf-tt-r0.3-lay[63]-ind3
2024-06-17 13:17:00,496 - Inferencefin - INFO - start-inf-tt-r0.4-lay[63]-ind1
2024-06-17 13:28:07,558 - Inferencefin - INFO - end-inf-tt-r0.4-lay[63]-ind1
2024-06-17 13:30:00,616 - Inferencefin - INFO - start-inf-tt-r0.4-lay[63]-ind2
2024-06-17 13:41:09,239 - Inferencefin - INFO - end-inf-tt-r0.4-lay[63]-ind2
2024-06-17 13:43:00,272 - Inferencefin - INFO - start-inf-tt-r0.4-lay[63]-ind3
2024-06-17 13:54:07,538 - Inferencefin - INFO - end-inf-tt-r0.4-lay[63]-ind3
2024-06-17 13:56:00,652 - Inferencefin - INFO - start-inf-tt-r0.5-lay[63]-ind1
2024-06-17 14:07:09,374 - Inferencefin - INFO - end-inf-tt-r0.5-lay[63]-ind1
2024-06-17 14:09:00,486 - Inferencefin - INFO - start-inf-tt-r0.5-lay[63]-ind2
2024-06-17 14:20:08,490 - Inferencefin - INFO - end-inf-tt-r0.5-lay[63]-ind2
2024-06-17 14:22:00,543 - Inferencefin - INFO - start-inf-tt-r0.5-lay[63]-ind3
2024-06-17 14:33:09,381 - Inferencefin - INFO - end-inf-tt-r0.5-lay[63]-ind3
2024-06-17 14:35:00,472 - Inferencefin - INFO - start-inf-tt-r0.6-lay[63]-ind1
2024-06-17 14:46:09,320 - Inferencefin - INFO - end-inf-tt-r0.6-lay[63]-ind1
2024-06-17 14:48:00,433 - Inferencefin - INFO - start-inf-tt-r0.6-lay[63]-ind2
2024-06-17 14:59:08,982 - Inferencefin - INFO - end-inf-tt-r0.6-lay[63]-ind2
2024-06-17 15:01:00,016 - Inferencefin - INFO - start-inf-tt-r0.6-lay[63]-ind3
2024-06-17 15:12:08,408 - Inferencefin - INFO - end-inf-tt-r0.6-lay[63]-ind3
2024-06-17 15:14:00,480 - Inferencefin - INFO - start-inf-tt-r0.7-lay[63]-ind1
2024-06-17 15:25:09,206 - Inferencefin - INFO - end-inf-tt-r0.7-lay[63]-ind1
2024-06-17 15:27:00,320 - Inferencefin - INFO - start-inf-tt-r0.7-lay[63]-ind2
2024-06-17 15:38:10,049 - Inferencefin - INFO - end-inf-tt-r0.7-lay[63]-ind2
2024-06-17 15:40:00,160 - Inferencefin - INFO - start-inf-tt-r0.7-lay[63]-ind3
2024-06-17 15:51:09,245 - Inferencefin - INFO - end-inf-tt-r0.7-lay[63]-ind3
2024-06-17 15:53:00,343 - Inferencefin - INFO - start-inf-tt-r0.8-lay[63]-ind1
2024-06-17 16:04:10,614 - Inferencefin - INFO - end-inf-tt-r0.8-lay[63]-ind1
2024-06-17 16:06:00,694 - Inferencefin - INFO - start-inf-tt-r0.8-lay[63]-ind2
2024-06-17 16:17:10,658 - Inferencefin - INFO - end-inf-tt-r0.8-lay[63]-ind2
2024-06-17 16:19:00,770 - Inferencefin - INFO - start-inf-tt-r0.8-lay[63]-ind3
2024-06-17 16:30:10,483 - Inferencefin - INFO - end-inf-tt-r0.8-lay[63]-ind3
2024-06-17 16:32:00,604 - Inferencefin - INFO - start-inf-tt-r0.9-lay[63]-ind1
2024-06-17 16:43:13,518 - Inferencefin - INFO - end-inf-tt-r0.9-lay[63]-ind1
2024-06-17 16:45:00,578 - Inferencefin - INFO - start-inf-tt-r0.9-lay[63]-ind2
2024-06-17 16:56:13,001 - Inferencefin - INFO - end-inf-tt-r0.9-lay[63]-ind2
2024-06-17 16:58:00,110 - Inferencefin - INFO - start-inf-tt-r0.9-lay[63]-ind3
2024-06-17 17:09:13,326 - Inferencefin - INFO - end-inf-tt-r0.9-lay[63]-ind3
2024-06-17 17:11:00,447 - Inferencefin - INFO - start-inf-tt-r0.1-lay[57]-ind1
2024-06-17 17:21:46,455 - Inferencefin - INFO - end-inf-tt-r0.1-lay[57]-ind1
2024-06-17 17:23:00,536 - Inferencefin - INFO - start-inf-tt-r0.1-lay[57]-ind2
2024-06-17 17:33:48,994 - Inferencefin - INFO - end-inf-tt-r0.1-lay[57]-ind2
2024-06-17 17:35:00,019 - Inferencefin - INFO - start-inf-tt-r0.1-lay[57]-ind3
2024-06-17 17:45:47,622 - Inferencefin - INFO - end-inf-tt-r0.1-lay[57]-ind3
2024-06-17 17:47:00,729 - Inferencefin - INFO - start-inf-tt-r0.2-lay[57]-ind1
2024-06-17 17:57:47,879 - Inferencefin - INFO - end-inf-tt-r0.2-lay[57]-ind1
2024-06-17 17:59:00,953 - Inferencefin - INFO - start-inf-tt-r0.2-lay[57]-ind2
2024-06-17 18:09:50,823 - Inferencefin - INFO - end-inf-tt-r0.2-lay[57]-ind2
2024-06-17 18:11:00,840 - Inferencefin - INFO - start-inf-tt-r0.2-lay[57]-ind3
2024-06-17 18:21:49,417 - Inferencefin - INFO - end-inf-tt-r0.2-lay[57]-ind3
2024-06-17 18:23:00,521 - Inferencefin - INFO - start-inf-tt-r0.3-lay[57]-ind1
2024-06-17 18:33:48,714 - Inferencefin - INFO - end-inf-tt-r0.3-lay[57]-ind1
2024-06-17 18:35:00,764 - Inferencefin - INFO - start-inf-tt-r0.3-lay[57]-ind2
2024-06-17 18:45:47,261 - Inferencefin - INFO - end-inf-tt-r0.3-lay[57]-ind2
2024-06-17 18:47:00,335 - Inferencefin - INFO - start-inf-tt-r0.3-lay[57]-ind3
2024-06-17 18:57:46,895 - Inferencefin - INFO - end-inf-tt-r0.3-lay[57]-ind3
2024-06-17 18:59:00,014 - Inferencefin - INFO - start-inf-tt-r0.4-lay[57]-ind1
2024-06-17 19:09:49,442 - Inferencefin - INFO - end-inf-tt-r0.4-lay[57]-ind1
2024-06-17 19:11:00,514 - Inferencefin - INFO - start-inf-tt-r0.4-lay[57]-ind2
2024-06-17 19:21:49,259 - Inferencefin - INFO - end-inf-tt-r0.4-lay[57]-ind2
2024-06-17 19:23:00,289 - Inferencefin - INFO - start-inf-tt-r0.4-lay[57]-ind3
2024-06-17 19:33:52,429 - Inferencefin - INFO - end-inf-tt-r0.4-lay[57]-ind3
2024-06-17 19:35:00,470 - Inferencefin - INFO - start-inf-tt-r0.5-lay[57]-ind1
2024-06-17 19:45:49,183 - Inferencefin - INFO - end-inf-tt-r0.5-lay[57]-ind1
2024-06-17 19:47:00,252 - Inferencefin - INFO - start-inf-tt-r0.5-lay[57]-ind2
2024-06-17 19:57:48,630 - Inferencefin - INFO - end-inf-tt-r0.5-lay[57]-ind2
2024-06-17 19:59:00,703 - Inferencefin - INFO - start-inf-tt-r0.5-lay[57]-ind3
2024-06-17 20:09:50,032 - Inferencefin - INFO - end-inf-tt-r0.5-lay[57]-ind3
2024-06-17 20:11:00,149 - Inferencefin - INFO - start-inf-tt-r0.6-lay[57]-ind1
2024-06-17 20:21:48,976 - Inferencefin - INFO - end-inf-tt-r0.6-lay[57]-ind1
2024-06-17 20:23:00,033 - Inferencefin - INFO - start-inf-tt-r0.6-lay[57]-ind2
2024-06-17 20:33:49,331 - Inferencefin - INFO - end-inf-tt-r0.6-lay[57]-ind2
2024-06-17 20:35:00,403 - Inferencefin - INFO - start-inf-tt-r0.6-lay[57]-ind3
2024-06-17 20:45:50,020 - Inferencefin - INFO - end-inf-tt-r0.6-lay[57]-ind3
2024-06-17 20:47:00,111 - Inferencefin - INFO - start-inf-tt-r0.7-lay[57]-ind1
2024-06-17 20:57:50,474 - Inferencefin - INFO - end-inf-tt-r0.7-lay[57]-ind1
2024-06-17 20:59:00,496 - Inferencefin - INFO - start-inf-tt-r0.7-lay[57]-ind2
2024-06-17 21:09:51,528 - Inferencefin - INFO - end-inf-tt-r0.7-lay[57]-ind2
2024-06-17 21:11:00,577 - Inferencefin - INFO - start-inf-tt-r0.7-lay[57]-ind3
2024-06-17 21:21:51,073 - Inferencefin - INFO - end-inf-tt-r0.7-lay[57]-ind3
2024-06-17 21:23:00,177 - Inferencefin - INFO - start-inf-tt-r0.8-lay[57]-ind1
2024-06-17 21:33:51,659 - Inferencefin - INFO - end-inf-tt-r0.8-lay[57]-ind1
2024-06-17 21:35:00,718 - Inferencefin - INFO - start-inf-tt-r0.8-lay[57]-ind2
2024-06-17 21:45:51,244 - Inferencefin - INFO - end-inf-tt-r0.8-lay[57]-ind2
2024-06-17 21:47:00,297 - Inferencefin - INFO - start-inf-tt-r0.8-lay[57]-ind3
2024-06-17 21:57:50,488 - Inferencefin - INFO - end-inf-tt-r0.8-lay[57]-ind3
2024-06-17 21:59:00,604 - Inferencefin - INFO - start-inf-tt-r0.9-lay[57]-ind1
2024-06-17 22:09:51,883 - Inferencefin - INFO - end-inf-tt-r0.9-lay[57]-ind1
2024-06-17 22:11:00,953 - Inferencefin - INFO - start-inf-tt-r0.9-lay[57]-ind2
2024-06-17 22:21:51,246 - Inferencefin - INFO - end-inf-tt-r0.9-lay[57]-ind2
2024-06-17 22:23:00,289 - Inferencefin - INFO - start-inf-tt-r0.9-lay[57]-ind3
2024-06-17 22:33:51,719 - Inferencefin - INFO - end-inf-tt-r0.9-lay[57]-ind3
2024-06-17 22:35:00,811 - Inferencefin - INFO - start-inf-tt-r0.1-lay[51]-ind1
2024-06-17 22:45:42,094 - Inferencefin - INFO - end-inf-tt-r0.1-lay[51]-ind1
2024-06-17 22:47:00,151 - Inferencefin - INFO - start-inf-tt-r0.1-lay[51]-ind2
2024-06-17 22:57:41,144 - Inferencefin - INFO - end-inf-tt-r0.1-lay[51]-ind2
2024-06-17 22:59:00,220 - Inferencefin - INFO - start-inf-tt-r0.1-lay[51]-ind3
2024-06-17 23:09:42,185 - Inferencefin - INFO - end-inf-tt-r0.1-lay[51]-ind3
2024-06-17 23:11:01,005 - Inferencefin - INFO - start-inf-tt-r0.2-lay[51]-ind1
2024-06-17 23:21:46,439 - Inferencefin - INFO - end-inf-tt-r0.2-lay[51]-ind1
2024-06-17 23:23:00,512 - Inferencefin - INFO - start-inf-tt-r0.2-lay[51]-ind2
2024-06-17 23:33:46,145 - Inferencefin - INFO - end-inf-tt-r0.2-lay[51]-ind2
2024-06-17 23:35:00,221 - Inferencefin - INFO - start-inf-tt-r0.2-lay[51]-ind3
2024-06-17 23:45:45,419 - Inferencefin - INFO - end-inf-tt-r0.2-lay[51]-ind3
2024-06-17 23:47:00,220 - Inferencefin - INFO - start-inf-tt-r0.3-lay[51]-ind1
2024-06-17 23:57:50,723 - Inferencefin - INFO - end-inf-tt-r0.3-lay[51]-ind1
2024-06-17 23:59:00,792 - Inferencefin - INFO - start-inf-tt-r0.3-lay[51]-ind2
2024-06-18 00:09:51,582 - Inferencefin - INFO - end-inf-tt-r0.3-lay[51]-ind2
2024-06-18 00:11:00,652 - Inferencefin - INFO - start-inf-tt-r0.3-lay[51]-ind3
2024-06-18 00:21:50,675 - Inferencefin - INFO - end-inf-tt-r0.3-lay[51]-ind3
2024-06-18 00:23:00,449 - Inferencefin - INFO - start-inf-tt-r0.4-lay[51]-ind1
2024-06-18 00:33:56,901 - Inferencefin - INFO - end-inf-tt-r0.4-lay[51]-ind1
2024-06-18 00:35:00,966 - Inferencefin - INFO - start-inf-tt-r0.4-lay[51]-ind2
2024-06-18 00:45:55,769 - Inferencefin - INFO - end-inf-tt-r0.4-lay[51]-ind2
2024-06-18 00:47:00,833 - Inferencefin - INFO - start-inf-tt-r0.4-lay[51]-ind3
2024-06-18 00:57:56,736 - Inferencefin - INFO - end-inf-tt-r0.4-lay[51]-ind3
2024-06-18 00:59:00,531 - Inferencefin - INFO - start-inf-tt-r0.5-lay[51]-ind1
2024-06-18 01:09:57,950 - Inferencefin - INFO - end-inf-tt-r0.5-lay[51]-ind1
2024-06-18 01:11:00,014 - Inferencefin - INFO - start-inf-tt-r0.5-lay[51]-ind2
2024-06-18 01:21:56,933 - Inferencefin - INFO - end-inf-tt-r0.5-lay[51]-ind2
2024-06-18 01:23:00,980 - Inferencefin - INFO - start-inf-tt-r0.5-lay[51]-ind3
2024-06-18 01:33:57,468 - Inferencefin - INFO - end-inf-tt-r0.5-lay[51]-ind3
2024-06-18 01:35:00,290 - Inferencefin - INFO - start-inf-tt-r0.6-lay[51]-ind1
2024-06-18 01:45:57,777 - Inferencefin - INFO - end-inf-tt-r0.6-lay[51]-ind1
2024-06-18 01:47:00,842 - Inferencefin - INFO - start-inf-tt-r0.6-lay[51]-ind2
2024-06-18 01:57:58,523 - Inferencefin - INFO - end-inf-tt-r0.6-lay[51]-ind2
2024-06-18 01:59:00,582 - Inferencefin - INFO - start-inf-tt-r0.6-lay[51]-ind3
2024-06-18 02:10:01,757 - Inferencefin - INFO - end-inf-tt-r0.6-lay[51]-ind3
2024-06-18 02:12:00,628 - Inferencefin - INFO - start-inf-tt-r0.7-lay[51]-ind1
2024-06-18 02:22:59,808 - Inferencefin - INFO - end-inf-tt-r0.7-lay[51]-ind1
2024-06-18 02:24:00,870 - Inferencefin - INFO - start-inf-tt-r0.7-lay[51]-ind2
2024-06-18 02:35:00,664 - Inferencefin - INFO - end-inf-tt-r0.7-lay[51]-ind2
2024-06-18 02:37:00,784 - Inferencefin - INFO - start-inf-tt-r0.7-lay[51]-ind3
2024-06-18 02:47:59,447 - Inferencefin - INFO - end-inf-tt-r0.7-lay[51]-ind3
2024-06-18 02:50:00,320 - Inferencefin - INFO - start-inf-tt-r0.8-lay[51]-ind1
2024-06-18 03:00:59,948 - Inferencefin - INFO - end-inf-tt-r0.8-lay[51]-ind1
2024-06-18 03:02:00,961 - Inferencefin - INFO - start-inf-tt-r0.8-lay[51]-ind2
2024-06-18 03:12:59,860 - Inferencefin - INFO - end-inf-tt-r0.8-lay[51]-ind2
2024-06-18 03:14:00,922 - Inferencefin - INFO - start-inf-tt-r0.8-lay[51]-ind3
2024-06-18 03:24:59,596 - Inferencefin - INFO - end-inf-tt-r0.8-lay[51]-ind3
2024-06-18 03:27:00,479 - Inferencefin - INFO - start-inf-tt-r0.9-lay[51]-ind1
2024-06-18 03:37:59,140 - Inferencefin - INFO - end-inf-tt-r0.9-lay[51]-ind1
2024-06-18 03:39:00,197 - Inferencefin - INFO - start-inf-tt-r0.9-lay[51]-ind2
2024-06-18 03:49:59,068 - Inferencefin - INFO - end-inf-tt-r0.9-lay[51]-ind2
2024-06-18 03:51:00,130 - Inferencefin - INFO - start-inf-tt-r0.9-lay[51]-ind3
2024-06-18 04:02:00,312 - Inferencefin - INFO - end-inf-tt-r0.9-lay[51]-ind3
2024-06-18 04:04:00,264 - Inferencefin - INFO - start-inf-tt-r0.1-lay[47]-ind1
2024-06-18 04:14:42,419 - Inferencefin - INFO - end-inf-tt-r0.1-lay[47]-ind1
2024-06-18 04:16:00,498 - Inferencefin - INFO - start-inf-tt-r0.1-lay[47]-ind2
2024-06-18 04:26:42,286 - Inferencefin - INFO - end-inf-tt-r0.1-lay[47]-ind2
2024-06-18 04:28:00,366 - Inferencefin - INFO - start-inf-tt-r0.1-lay[47]-ind3
2024-06-18 04:38:41,188 - Inferencefin - INFO - end-inf-tt-r0.1-lay[47]-ind3
2024-06-18 04:40:00,114 - Inferencefin - INFO - start-inf-tt-r0.2-lay[47]-ind1
2024-06-18 04:50:52,719 - Inferencefin - INFO - end-inf-tt-r0.2-lay[47]-ind1
2024-06-18 04:52:00,784 - Inferencefin - INFO - start-inf-tt-r0.2-lay[47]-ind2
2024-06-18 05:02:53,102 - Inferencefin - INFO - end-inf-tt-r0.2-lay[47]-ind2
2024-06-18 05:04:00,172 - Inferencefin - INFO - start-inf-tt-r0.2-lay[47]-ind3
2024-06-18 05:14:52,581 - Inferencefin - INFO - end-inf-tt-r0.2-lay[47]-ind3
2024-06-18 05:16:00,470 - Inferencefin - INFO - start-inf-tt-r0.3-lay[47]-ind1
2024-06-18 05:26:59,004 - Inferencefin - INFO - end-inf-tt-r0.3-lay[47]-ind1
2024-06-18 05:28:00,013 - Inferencefin - INFO - start-inf-tt-r0.3-lay[47]-ind2
2024-06-18 05:38:58,797 - Inferencefin - INFO - end-inf-tt-r0.3-lay[47]-ind2
2024-06-18 05:40:00,812 - Inferencefin - INFO - start-inf-tt-r0.3-lay[47]-ind3
2024-06-18 05:50:59,160 - Inferencefin - INFO - end-inf-tt-r0.3-lay[47]-ind3
2024-06-18 05:52:01,000 - Inferencefin - INFO - start-inf-tt-r0.4-lay[47]-ind1
2024-06-18 06:03:00,420 - Inferencefin - INFO - end-inf-tt-r0.4-lay[47]-ind1
2024-06-18 06:05:00,484 - Inferencefin - INFO - start-inf-tt-r0.4-lay[47]-ind2
2024-06-18 06:15:59,170 - Inferencefin - INFO - end-inf-tt-r0.4-lay[47]-ind2
2024-06-18 06:17:00,232 - Inferencefin - INFO - start-inf-tt-r0.4-lay[47]-ind3
2024-06-18 06:27:58,921 - Inferencefin - INFO - end-inf-tt-r0.4-lay[47]-ind3
2024-06-18 06:30:00,751 - Inferencefin - INFO - start-inf-tt-r0.5-lay[47]-ind1
2024-06-18 06:41:00,291 - Inferencefin - INFO - end-inf-tt-r0.5-lay[47]-ind1
2024-06-18 06:43:00,325 - Inferencefin - INFO - start-inf-tt-r0.5-lay[47]-ind2
2024-06-18 06:53:59,611 - Inferencefin - INFO - end-inf-tt-r0.5-lay[47]-ind2
2024-06-18 06:55:00,628 - Inferencefin - INFO - start-inf-tt-r0.5-lay[47]-ind3
2024-06-18 07:06:00,824 - Inferencefin - INFO - end-inf-tt-r0.5-lay[47]-ind3
2024-06-18 07:08:00,824 - Inferencefin - INFO - start-inf-tt-r0.6-lay[47]-ind1
2024-06-18 07:19:00,584 - Inferencefin - INFO - end-inf-tt-r0.6-lay[47]-ind1
2024-06-18 07:21:00,649 - Inferencefin - INFO - start-inf-tt-r0.6-lay[47]-ind2
2024-06-18 07:32:00,720 - Inferencefin - INFO - end-inf-tt-r0.6-lay[47]-ind2
2024-06-18 07:34:00,816 - Inferencefin - INFO - start-inf-tt-r0.6-lay[47]-ind3
2024-06-18 07:45:00,920 - Inferencefin - INFO - end-inf-tt-r0.6-lay[47]-ind3
2024-06-18 07:47:00,852 - Inferencefin - INFO - start-inf-tt-r0.7-lay[47]-ind1
2024-06-18 07:58:00,455 - Inferencefin - INFO - end-inf-tt-r0.7-lay[47]-ind1
2024-06-18 08:00:00,464 - Inferencefin - INFO - start-inf-tt-r0.7-lay[47]-ind2
2024-06-18 08:11:01,270 - Inferencefin - INFO - end-inf-tt-r0.7-lay[47]-ind2
2024-06-18 08:13:00,339 - Inferencefin - INFO - start-inf-tt-r0.7-lay[47]-ind3
2024-06-18 08:23:59,529 - Inferencefin - INFO - end-inf-tt-r0.7-lay[47]-ind3
2024-06-18 08:26:00,470 - Inferencefin - INFO - start-inf-tt-r0.8-lay[47]-ind1
2024-06-18 08:37:03,428 - Inferencefin - INFO - end-inf-tt-r0.8-lay[47]-ind1
2024-06-18 08:39:00,530 - Inferencefin - INFO - start-inf-tt-r0.8-lay[47]-ind2
2024-06-18 08:50:02,482 - Inferencefin - INFO - end-inf-tt-r0.8-lay[47]-ind2
2024-06-18 08:52:00,601 - Inferencefin - INFO - start-inf-tt-r0.8-lay[47]-ind3
2024-06-18 09:03:03,878 - Inferencefin - INFO - end-inf-tt-r0.8-lay[47]-ind3
2024-06-18 09:05:00,672 - Inferencefin - INFO - start-inf-tt-r0.9-lay[47]-ind1
2024-06-18 09:15:57,103 - Inferencefin - INFO - end-inf-tt-r0.9-lay[47]-ind1
2024-06-18 09:17:00,147 - Inferencefin - INFO - start-inf-tt-r0.9-lay[47]-ind2
2024-06-18 09:27:57,242 - Inferencefin - INFO - end-inf-tt-r0.9-lay[47]-ind2
2024-06-18 09:29:00,306 - Inferencefin - INFO - start-inf-tt-r0.9-lay[47]-ind3
2024-06-18 09:39:58,609 - Inferencefin - INFO - end-inf-tt-r0.9-lay[47]-ind3
2024-06-18 09:41:00,527 - Inferencefin - INFO - start-inf-tt-r0.1-lay[41]-ind1
2024-06-18 09:51:40,324 - Inferencefin - INFO - end-inf-tt-r0.1-lay[41]-ind1
2024-06-18 09:53:00,406 - Inferencefin - INFO - start-inf-tt-r0.1-lay[41]-ind2
2024-06-18 10:03:40,614 - Inferencefin - INFO - end-inf-tt-r0.1-lay[41]-ind2
2024-06-18 10:05:00,660 - Inferencefin - INFO - start-inf-tt-r0.1-lay[41]-ind3
2024-06-18 10:15:40,261 - Inferencefin - INFO - end-inf-tt-r0.1-lay[41]-ind3
2024-06-18 10:17:00,160 - Inferencefin - INFO - start-inf-tt-r0.2-lay[41]-ind1
2024-06-18 10:27:39,272 - Inferencefin - INFO - end-inf-tt-r0.2-lay[41]-ind1
2024-06-18 10:29:00,338 - Inferencefin - INFO - start-inf-tt-r0.2-lay[41]-ind2
2024-06-18 10:39:42,101 - Inferencefin - INFO - end-inf-tt-r0.2-lay[41]-ind2
2024-06-18 10:41:00,181 - Inferencefin - INFO - start-inf-tt-r0.2-lay[41]-ind3
2024-06-18 10:51:38,709 - Inferencefin - INFO - end-inf-tt-r0.2-lay[41]-ind3
2024-06-18 10:53:00,622 - Inferencefin - INFO - start-inf-tt-r0.3-lay[41]-ind1
2024-06-18 11:03:41,840 - Inferencefin - INFO - end-inf-tt-r0.3-lay[41]-ind1
2024-06-18 11:05:00,870 - Inferencefin - INFO - start-inf-tt-r0.3-lay[41]-ind2
2024-06-18 11:15:40,387 - Inferencefin - INFO - end-inf-tt-r0.3-lay[41]-ind2
2024-06-18 11:17:00,468 - Inferencefin - INFO - start-inf-tt-r0.3-lay[41]-ind3
2024-06-18 11:27:40,900 - Inferencefin - INFO - end-inf-tt-r0.3-lay[41]-ind3
2024-06-18 11:29:00,835 - Inferencefin - INFO - start-inf-tt-r0.4-lay[41]-ind1
2024-06-18 11:39:42,667 - Inferencefin - INFO - end-inf-tt-r0.4-lay[41]-ind1
2024-06-18 11:41:00,746 - Inferencefin - INFO - start-inf-tt-r0.4-lay[41]-ind2
2024-06-18 11:51:38,870 - Inferencefin - INFO - end-inf-tt-r0.4-lay[41]-ind2
2024-06-18 11:53:00,935 - Inferencefin - INFO - start-inf-tt-r0.4-lay[41]-ind3
2024-06-18 12:03:42,378 - Inferencefin - INFO - end-inf-tt-r0.4-lay[41]-ind3
2024-06-18 12:05:00,299 - Inferencefin - INFO - start-inf-tt-r0.5-lay[41]-ind1
2024-06-18 12:15:39,607 - Inferencefin - INFO - end-inf-tt-r0.5-lay[41]-ind1
2024-06-18 12:17:00,653 - Inferencefin - INFO - start-inf-tt-r0.5-lay[41]-ind2
2024-06-18 12:27:39,903 - Inferencefin - INFO - end-inf-tt-r0.5-lay[41]-ind2
2024-06-18 12:29:00,942 - Inferencefin - INFO - start-inf-tt-r0.5-lay[41]-ind3
2024-06-18 12:39:40,907 - Inferencefin - INFO - end-inf-tt-r0.5-lay[41]-ind3
2024-06-18 12:41:00,896 - Inferencefin - INFO - start-inf-tt-r0.6-lay[41]-ind1
2024-06-18 12:51:39,721 - Inferencefin - INFO - end-inf-tt-r0.6-lay[41]-ind1
2024-06-18 12:53:00,801 - Inferencefin - INFO - start-inf-tt-r0.6-lay[41]-ind2
2024-06-18 13:03:41,805 - Inferencefin - INFO - end-inf-tt-r0.6-lay[41]-ind2
2024-06-18 13:05:00,843 - Inferencefin - INFO - start-inf-tt-r0.6-lay[41]-ind3
2024-06-18 13:15:40,566 - Inferencefin - INFO - end-inf-tt-r0.6-lay[41]-ind3
2024-06-18 13:17:00,591 - Inferencefin - INFO - start-inf-tt-r0.7-lay[41]-ind1
2024-06-18 13:27:40,915 - Inferencefin - INFO - end-inf-tt-r0.7-lay[41]-ind1
2024-06-18 13:29:00,990 - Inferencefin - INFO - start-inf-tt-r0.7-lay[41]-ind2
2024-06-18 13:39:43,792 - Inferencefin - INFO - end-inf-tt-r0.7-lay[41]-ind2
2024-06-18 13:41:00,818 - Inferencefin - INFO - start-inf-tt-r0.7-lay[41]-ind3
2024-06-18 13:51:40,420 - Inferencefin - INFO - end-inf-tt-r0.7-lay[41]-ind3
2024-06-18 13:53:00,375 - Inferencefin - INFO - start-inf-tt-r0.8-lay[41]-ind1
2024-06-18 14:03:43,088 - Inferencefin - INFO - end-inf-tt-r0.8-lay[41]-ind1
2024-06-18 14:05:00,114 - Inferencefin - INFO - start-inf-tt-r0.8-lay[41]-ind2
2024-06-18 14:15:40,807 - Inferencefin - INFO - end-inf-tt-r0.8-lay[41]-ind2
2024-06-18 14:17:00,852 - Inferencefin - INFO - start-inf-tt-r0.8-lay[41]-ind3
2024-06-18 14:27:42,082 - Inferencefin - INFO - end-inf-tt-r0.8-lay[41]-ind3
2024-06-18 14:30:00,285 - Inferencefin - INFO - start-inf-tt-r0.9-lay[41]-ind1
2024-06-18 14:40:42,301 - Inferencefin - INFO - end-inf-tt-r0.9-lay[41]-ind1
2024-06-18 14:42:00,380 - Inferencefin - INFO - start-inf-tt-r0.9-lay[41]-ind2
2024-06-18 14:52:40,801 - Inferencefin - INFO - end-inf-tt-r0.9-lay[41]-ind2
2024-06-18 14:54:00,882 - Inferencefin - INFO - start-inf-tt-r0.9-lay[41]-ind3
2024-06-18 15:04:43,467 - Inferencefin - INFO - end-inf-tt-r0.9-lay[41]-ind3
2024-06-18 15:06:00,370 - Inferencefin - INFO - start-inf-tt-r0.1-lay[35]-ind1
2024-06-18 15:16:33,010 - Inferencefin - INFO - end-inf-tt-r0.1-lay[35]-ind1
2024-06-18 15:18:00,079 - Inferencefin - INFO - start-inf-tt-r0.1-lay[35]-ind2
2024-06-18 15:28:33,635 - Inferencefin - INFO - end-inf-tt-r0.1-lay[35]-ind2
2024-06-18 15:30:00,656 - Inferencefin - INFO - start-inf-tt-r0.1-lay[35]-ind3
2024-06-18 15:40:36,198 - Inferencefin - INFO - end-inf-tt-r0.1-lay[35]-ind3
2024-06-18 15:42:00,077 - Inferencefin - INFO - start-inf-tt-r0.2-lay[35]-ind1
2024-06-18 15:52:36,479 - Inferencefin - INFO - end-inf-tt-r0.2-lay[35]-ind1
2024-06-18 15:54:00,560 - Inferencefin - INFO - start-inf-tt-r0.2-lay[35]-ind2
2024-06-18 16:04:38,455 - Inferencefin - INFO - end-inf-tt-r0.2-lay[35]-ind2
2024-06-18 16:06:00,538 - Inferencefin - INFO - start-inf-tt-r0.2-lay[35]-ind3
2024-06-18 16:16:37,698 - Inferencefin - INFO - end-inf-tt-r0.2-lay[35]-ind3
2024-06-18 16:18:00,091 - Inferencefin - INFO - start-inf-tt-r0.3-lay[35]-ind1
2024-06-18 16:28:38,205 - Inferencefin - INFO - end-inf-tt-r0.3-lay[35]-ind1
2024-06-18 16:30:00,290 - Inferencefin - INFO - start-inf-tt-r0.3-lay[35]-ind2
2024-06-18 16:40:39,254 - Inferencefin - INFO - end-inf-tt-r0.3-lay[35]-ind2
2024-06-18 16:42:00,292 - Inferencefin - INFO - start-inf-tt-r0.3-lay[35]-ind3
2024-06-18 16:52:37,568 - Inferencefin - INFO - end-inf-tt-r0.3-lay[35]-ind3
2024-06-18 16:54:00,480 - Inferencefin - INFO - start-inf-tt-r0.4-lay[35]-ind1
2024-06-18 17:04:48,016 - Inferencefin - INFO - end-inf-tt-r0.4-lay[35]-ind1
2024-06-18 17:06:00,089 - Inferencefin - INFO - start-inf-tt-r0.4-lay[35]-ind2
2024-06-18 17:16:44,431 - Inferencefin - INFO - end-inf-tt-r0.4-lay[35]-ind2
2024-06-18 17:18:00,508 - Inferencefin - INFO - start-inf-tt-r0.4-lay[35]-ind3
2024-06-18 17:28:45,332 - Inferencefin - INFO - end-inf-tt-r0.4-lay[35]-ind3
2024-06-18 17:30:00,261 - Inferencefin - INFO - start-inf-tt-r0.5-lay[35]-ind1
2024-06-18 17:40:49,725 - Inferencefin - INFO - end-inf-tt-r0.5-lay[35]-ind1
2024-06-18 17:42:00,792 - Inferencefin - INFO - start-inf-tt-r0.5-lay[35]-ind2
2024-06-18 17:52:45,969 - Inferencefin - INFO - end-inf-tt-r0.5-lay[35]-ind2
2024-06-18 17:54:00,044 - Inferencefin - INFO - start-inf-tt-r0.5-lay[35]-ind3
2024-06-18 18:04:46,424 - Inferencefin - INFO - end-inf-tt-r0.5-lay[35]-ind3
2024-06-18 18:07:00,365 - Inferencefin - INFO - start-inf-tt-r0.6-lay[35]-ind1
2024-06-18 18:17:45,574 - Inferencefin - INFO - end-inf-tt-r0.6-lay[35]-ind1
2024-06-18 18:19:00,611 - Inferencefin - INFO - start-inf-tt-r0.6-lay[35]-ind2
2024-06-18 18:29:45,927 - Inferencefin - INFO - end-inf-tt-r0.6-lay[35]-ind2
2024-06-18 18:31:01,004 - Inferencefin - INFO - start-inf-tt-r0.6-lay[35]-ind3
2024-06-18 18:41:45,989 - Inferencefin - INFO - end-inf-tt-r0.6-lay[35]-ind3
2024-06-18 18:43:00,013 - Inferencefin - INFO - start-inf-tt-r0.7-lay[35]-ind1
2024-06-18 18:53:45,381 - Inferencefin - INFO - end-inf-tt-r0.7-lay[35]-ind1
2024-06-18 18:55:00,457 - Inferencefin - INFO - start-inf-tt-r0.7-lay[35]-ind2
2024-06-18 19:05:46,285 - Inferencefin - INFO - end-inf-tt-r0.7-lay[35]-ind2
2024-06-18 19:07:00,342 - Inferencefin - INFO - start-inf-tt-r0.7-lay[35]-ind3
2024-06-18 19:17:45,641 - Inferencefin - INFO - end-inf-tt-r0.7-lay[35]-ind3
2024-06-18 19:19:00,658 - Inferencefin - INFO - start-inf-tt-r0.8-lay[35]-ind1
2024-06-18 19:29:46,666 - Inferencefin - INFO - end-inf-tt-r0.8-lay[35]-ind1
2024-06-18 19:31:00,726 - Inferencefin - INFO - start-inf-tt-r0.8-lay[35]-ind2
2024-06-18 19:41:46,824 - Inferencefin - INFO - end-inf-tt-r0.8-lay[35]-ind2
2024-06-18 19:43:00,899 - Inferencefin - INFO - start-inf-tt-r0.8-lay[35]-ind3
2024-06-18 19:53:46,476 - Inferencefin - INFO - end-inf-tt-r0.8-lay[35]-ind3
2024-06-18 19:55:00,411 - Inferencefin - INFO - start-inf-tt-r0.9-lay[35]-ind1
2024-06-18 20:05:48,330 - Inferencefin - INFO - end-inf-tt-r0.9-lay[35]-ind1
2024-06-18 20:07:00,404 - Inferencefin - INFO - start-inf-tt-r0.9-lay[35]-ind2
2024-06-18 20:17:46,423 - Inferencefin - INFO - end-inf-tt-r0.9-lay[35]-ind2
2024-06-18 20:19:00,462 - Inferencefin - INFO - start-inf-tt-r0.9-lay[35]-ind3
2024-06-18 20:29:46,376 - Inferencefin - INFO - end-inf-tt-r0.9-lay[35]-ind3
2024-06-18 20:31:00,342 - Inferencefin - INFO - start-inf-tt-r0.1-lay[28]-ind1
2024-06-18 20:41:35,425 - Inferencefin - INFO - end-inf-tt-r0.1-lay[28]-ind1
2024-06-18 20:43:00,474 - Inferencefin - INFO - start-inf-tt-r0.1-lay[28]-ind2
2024-06-18 20:53:36,176 - Inferencefin - INFO - end-inf-tt-r0.1-lay[28]-ind2
2024-06-18 20:55:00,259 - Inferencefin - INFO - start-inf-tt-r0.1-lay[28]-ind3
2024-06-18 21:05:36,786 - Inferencefin - INFO - end-inf-tt-r0.1-lay[28]-ind3
2024-06-18 21:07:00,764 - Inferencefin - INFO - start-inf-tt-r0.2-lay[28]-ind1
2024-06-18 21:17:33,034 - Inferencefin - INFO - end-inf-tt-r0.2-lay[28]-ind1
2024-06-18 21:19:00,112 - Inferencefin - INFO - start-inf-tt-r0.2-lay[28]-ind2
2024-06-18 21:29:32,446 - Inferencefin - INFO - end-inf-tt-r0.2-lay[28]-ind2
2024-06-18 21:31:00,532 - Inferencefin - INFO - start-inf-tt-r0.2-lay[28]-ind3
2024-06-18 21:41:33,541 - Inferencefin - INFO - end-inf-tt-r0.2-lay[28]-ind3
2024-06-18 21:43:00,416 - Inferencefin - INFO - start-inf-tt-r0.3-lay[28]-ind1
2024-06-18 21:53:38,944 - Inferencefin - INFO - end-inf-tt-r0.3-lay[28]-ind1
2024-06-18 21:55:01,002 - Inferencefin - INFO - start-inf-tt-r0.3-lay[28]-ind2
2024-06-18 22:05:40,519 - Inferencefin - INFO - end-inf-tt-r0.3-lay[28]-ind2
2024-06-18 22:07:00,533 - Inferencefin - INFO - start-inf-tt-r0.3-lay[28]-ind3
2024-06-18 22:17:39,214 - Inferencefin - INFO - end-inf-tt-r0.3-lay[28]-ind3
2024-06-18 22:19:00,124 - Inferencefin - INFO - start-inf-tt-r0.4-lay[28]-ind1
2024-06-18 22:29:38,650 - Inferencefin - INFO - end-inf-tt-r0.4-lay[28]-ind1
2024-06-18 22:31:00,720 - Inferencefin - INFO - start-inf-tt-r0.4-lay[28]-ind2
2024-06-18 22:41:40,812 - Inferencefin - INFO - end-inf-tt-r0.4-lay[28]-ind2
2024-06-18 22:43:00,898 - Inferencefin - INFO - start-inf-tt-r0.4-lay[28]-ind3
2024-06-18 22:53:40,137 - Inferencefin - INFO - end-inf-tt-r0.4-lay[28]-ind3
2024-06-18 22:55:00,056 - Inferencefin - INFO - start-inf-tt-r0.5-lay[28]-ind1
2024-06-18 23:05:40,441 - Inferencefin - INFO - end-inf-tt-r0.5-lay[28]-ind1
2024-06-18 23:07:00,464 - Inferencefin - INFO - start-inf-tt-r0.5-lay[28]-ind2
2024-06-18 23:17:41,402 - Inferencefin - INFO - end-inf-tt-r0.5-lay[28]-ind2
2024-06-18 23:19:00,475 - Inferencefin - INFO - start-inf-tt-r0.5-lay[28]-ind3
2024-06-18 23:29:40,292 - Inferencefin - INFO - end-inf-tt-r0.5-lay[28]-ind3
2024-06-18 23:31:00,568 - Inferencefin - INFO - start-inf-tt-r0.6-lay[28]-ind1
2024-06-18 23:41:40,293 - Inferencefin - INFO - end-inf-tt-r0.6-lay[28]-ind1
2024-06-18 23:43:00,339 - Inferencefin - INFO - start-inf-tt-r0.6-lay[28]-ind2
2024-06-18 23:53:39,687 - Inferencefin - INFO - end-inf-tt-r0.6-lay[28]-ind2
2024-06-18 23:55:00,751 - Inferencefin - INFO - start-inf-tt-r0.6-lay[28]-ind3
2024-06-19 00:05:45,088 - Inferencefin - INFO - end-inf-tt-r0.6-lay[28]-ind3
2024-06-19 00:07:00,479 - Inferencefin - INFO - start-inf-tt-r0.7-lay[28]-ind1
2024-06-19 00:17:41,677 - Inferencefin - INFO - end-inf-tt-r0.7-lay[28]-ind1
2024-06-19 00:19:00,725 - Inferencefin - INFO - start-inf-tt-r0.7-lay[28]-ind2
2024-06-19 00:29:41,680 - Inferencefin - INFO - end-inf-tt-r0.7-lay[28]-ind2
2024-06-19 00:31:00,732 - Inferencefin - INFO - start-inf-tt-r0.7-lay[28]-ind3
2024-06-19 00:41:42,344 - Inferencefin - INFO - end-inf-tt-r0.7-lay[28]-ind3
2024-06-19 00:43:00,296 - Inferencefin - INFO - start-inf-tt-r0.8-lay[28]-ind1
2024-06-19 00:53:42,227 - Inferencefin - INFO - end-inf-tt-r0.8-lay[28]-ind1
2024-06-19 00:55:00,282 - Inferencefin - INFO - start-inf-tt-r0.8-lay[28]-ind2
2024-06-19 01:05:42,503 - Inferencefin - INFO - end-inf-tt-r0.8-lay[28]-ind2
2024-06-19 01:07:00,582 - Inferencefin - INFO - start-inf-tt-r0.8-lay[28]-ind3
2024-06-19 01:17:41,477 - Inferencefin - INFO - end-inf-tt-r0.8-lay[28]-ind3
2024-06-19 01:19:00,565 - Inferencefin - INFO - start-inf-tt-r0.9-lay[28]-ind1
2024-06-19 01:29:42,288 - Inferencefin - INFO - end-inf-tt-r0.9-lay[28]-ind1
2024-06-19 01:31:00,310 - Inferencefin - INFO - start-inf-tt-r0.9-lay[28]-ind2
2024-06-19 01:41:41,705 - Inferencefin - INFO - end-inf-tt-r0.9-lay[28]-ind2
2024-06-19 01:43:00,729 - Inferencefin - INFO - start-inf-tt-r0.9-lay[28]-ind3
2024-06-19 01:53:43,534 - Inferencefin - INFO - end-inf-tt-r0.9-lay[28]-ind3
2024-06-19 01:55:00,566 - Inferencefin - INFO - start-inf-tt-r0.1-lay[25]-ind1
2024-06-19 02:05:42,910 - Inferencefin - INFO - end-inf-tt-r0.1-lay[25]-ind1
2024-06-19 02:07:00,988 - Inferencefin - INFO - start-inf-tt-r0.1-lay[25]-ind2
2024-06-19 02:17:41,708 - Inferencefin - INFO - end-inf-tt-r0.1-lay[25]-ind2
2024-06-19 02:19:00,784 - Inferencefin - INFO - start-inf-tt-r0.1-lay[25]-ind3
2024-06-19 02:29:41,273 - Inferencefin - INFO - end-inf-tt-r0.1-lay[25]-ind3
2024-06-19 02:31:00,262 - Inferencefin - INFO - start-inf-tt-r0.2-lay[25]-ind1
2024-06-19 02:41:41,094 - Inferencefin - INFO - end-inf-tt-r0.2-lay[25]-ind1
2024-06-19 02:43:00,169 - Inferencefin - INFO - start-inf-tt-r0.2-lay[25]-ind2
2024-06-19 02:53:40,450 - Inferencefin - INFO - end-inf-tt-r0.2-lay[25]-ind2
2024-06-19 02:55:00,513 - Inferencefin - INFO - start-inf-tt-r0.2-lay[25]-ind3
2024-06-19 03:05:43,875 - Inferencefin - INFO - end-inf-tt-r0.2-lay[25]-ind3
2024-06-19 03:07:00,804 - Inferencefin - INFO - start-inf-tt-r0.3-lay[25]-ind1
2024-06-19 03:17:41,319 - Inferencefin - INFO - end-inf-tt-r0.3-lay[25]-ind1
2024-06-19 03:19:00,399 - Inferencefin - INFO - start-inf-tt-r0.3-lay[25]-ind2
2024-06-19 03:29:42,258 - Inferencefin - INFO - end-inf-tt-r0.3-lay[25]-ind2
2024-06-19 03:31:00,323 - Inferencefin - INFO - start-inf-tt-r0.3-lay[25]-ind3
2024-06-19 03:41:41,586 - Inferencefin - INFO - end-inf-tt-r0.3-lay[25]-ind3
2024-06-19 03:43:00,124 - Inferencefin - INFO - start-inf-tt-r0.4-lay[25]-ind1
2024-06-19 03:53:41,150 - Inferencefin - INFO - end-inf-tt-r0.4-lay[25]-ind1
2024-06-19 03:55:00,224 - Inferencefin - INFO - start-inf-tt-r0.4-lay[25]-ind2
2024-06-19 04:05:42,880 - Inferencefin - INFO - end-inf-tt-r0.4-lay[25]-ind2
2024-06-19 04:07:00,934 - Inferencefin - INFO - start-inf-tt-r0.4-lay[25]-ind3
2024-06-19 04:17:41,864 - Inferencefin - INFO - end-inf-tt-r0.4-lay[25]-ind3
2024-06-19 04:19:00,880 - Inferencefin - INFO - start-inf-tt-r0.5-lay[25]-ind1
2024-06-19 04:29:41,540 - Inferencefin - INFO - end-inf-tt-r0.5-lay[25]-ind1
2024-06-19 04:31:00,619 - Inferencefin - INFO - start-inf-tt-r0.5-lay[25]-ind2
2024-06-19 04:41:40,795 - Inferencefin - INFO - end-inf-tt-r0.5-lay[25]-ind2
2024-06-19 04:43:00,877 - Inferencefin - INFO - start-inf-tt-r0.5-lay[25]-ind3
2024-06-19 04:53:42,007 - Inferencefin - INFO - end-inf-tt-r0.5-lay[25]-ind3
2024-06-19 04:55:00,080 - Inferencefin - INFO - start-inf-tt-r0.6-lay[25]-ind1
2024-06-19 05:05:42,558 - Inferencefin - INFO - end-inf-tt-r0.6-lay[25]-ind1
2024-06-19 05:07:00,637 - Inferencefin - INFO - start-inf-tt-r0.6-lay[25]-ind2
2024-06-19 05:17:42,221 - Inferencefin - INFO - end-inf-tt-r0.6-lay[25]-ind2
2024-06-19 05:19:00,300 - Inferencefin - INFO - start-inf-tt-r0.6-lay[25]-ind3
2024-06-19 05:29:39,868 - Inferencefin - INFO - end-inf-tt-r0.6-lay[25]-ind3
2024-06-19 05:32:00,432 - Inferencefin - INFO - start-inf-tt-r0.7-lay[25]-ind1
2024-06-19 05:42:41,524 - Inferencefin - INFO - end-inf-tt-r0.7-lay[25]-ind1
2024-06-19 05:44:00,592 - Inferencefin - INFO - start-inf-tt-r0.7-lay[25]-ind2
2024-06-19 05:54:41,797 - Inferencefin - INFO - end-inf-tt-r0.7-lay[25]-ind2
2024-06-19 05:56:00,878 - Inferencefin - INFO - start-inf-tt-r0.7-lay[25]-ind3
2024-06-19 06:06:43,447 - Inferencefin - INFO - end-inf-tt-r0.7-lay[25]-ind3
2024-06-19 06:08:00,448 - Inferencefin - INFO - start-inf-tt-r0.8-lay[25]-ind1
2024-06-19 06:18:42,534 - Inferencefin - INFO - end-inf-tt-r0.8-lay[25]-ind1
2024-06-19 06:20:00,610 - Inferencefin - INFO - start-inf-tt-r0.8-lay[25]-ind2
2024-06-19 06:30:42,975 - Inferencefin - INFO - end-inf-tt-r0.8-lay[25]-ind2
2024-06-19 06:32:00,041 - Inferencefin - INFO - start-inf-tt-r0.8-lay[25]-ind3
2024-06-19 06:42:40,911 - Inferencefin - INFO - end-inf-tt-r0.8-lay[25]-ind3
2024-06-19 06:44:00,490 - Inferencefin - INFO - start-inf-tt-r0.9-lay[25]-ind1
2024-06-19 06:54:42,858 - Inferencefin - INFO - end-inf-tt-r0.9-lay[25]-ind1
2024-06-19 06:56:00,916 - Inferencefin - INFO - start-inf-tt-r0.9-lay[25]-ind2
2024-06-19 07:06:45,005 - Inferencefin - INFO - end-inf-tt-r0.9-lay[25]-ind2
2024-06-19 07:08:00,081 - Inferencefin - INFO - start-inf-tt-r0.9-lay[25]-ind3
2024-06-19 07:18:42,224 - Inferencefin - INFO - end-inf-tt-r0.9-lay[25]-ind3
2024-06-19 07:20:00,137 - Inferencefin - INFO - start-inf-tt-r0.1-lay[19]-ind1
2024-06-19 07:30:38,086 - Inferencefin - INFO - end-inf-tt-r0.1-lay[19]-ind1
2024-06-19 07:32:00,166 - Inferencefin - INFO - start-inf-tt-r0.1-lay[19]-ind2
2024-06-19 07:42:37,618 - Inferencefin - INFO - end-inf-tt-r0.1-lay[19]-ind2
2024-06-19 07:44:00,702 - Inferencefin - INFO - start-inf-tt-r0.1-lay[19]-ind3
2024-06-19 07:54:36,959 - Inferencefin - INFO - end-inf-tt-r0.1-lay[19]-ind3
2024-06-19 07:56:00,559 - Inferencefin - INFO - start-inf-tt-r0.2-lay[19]-ind1
2024-06-19 08:06:43,593 - Inferencefin - INFO - end-inf-tt-r0.2-lay[19]-ind1
2024-06-19 08:08:00,664 - Inferencefin - INFO - start-inf-tt-r0.2-lay[19]-ind2
2024-06-19 08:18:42,327 - Inferencefin - INFO - end-inf-tt-r0.2-lay[19]-ind2
2024-06-19 08:20:00,407 - Inferencefin - INFO - start-inf-tt-r0.2-lay[19]-ind3
2024-06-19 08:30:42,463 - Inferencefin - INFO - end-inf-tt-r0.2-lay[19]-ind3
2024-06-19 08:32:00,723 - Inferencefin - INFO - start-inf-tt-r0.3-lay[19]-ind1
2024-06-19 08:42:43,534 - Inferencefin - INFO - end-inf-tt-r0.3-lay[19]-ind1
2024-06-19 08:44:00,554 - Inferencefin - INFO - start-inf-tt-r0.3-lay[19]-ind2
2024-06-19 08:54:44,453 - Inferencefin - INFO - end-inf-tt-r0.3-lay[19]-ind2
2024-06-19 08:56:00,512 - Inferencefin - INFO - start-inf-tt-r0.3-lay[19]-ind3
2024-06-19 09:06:44,572 - Inferencefin - INFO - end-inf-tt-r0.3-lay[19]-ind3
2024-06-19 09:08:00,580 - Inferencefin - INFO - start-inf-tt-r0.4-lay[19]-ind1
2024-06-19 09:18:48,582 - Inferencefin - INFO - end-inf-tt-r0.4-lay[19]-ind1
2024-06-19 09:20:00,604 - Inferencefin - INFO - start-inf-tt-r0.4-lay[19]-ind2
2024-06-19 09:30:49,834 - Inferencefin - INFO - end-inf-tt-r0.4-lay[19]-ind2
2024-06-19 09:32:00,907 - Inferencefin - INFO - start-inf-tt-r0.4-lay[19]-ind3
2024-06-19 09:42:48,940 - Inferencefin - INFO - end-inf-tt-r0.4-lay[19]-ind3
2024-06-19 09:44:00,297 - Inferencefin - INFO - start-inf-tt-r0.5-lay[19]-ind1
2024-06-19 09:54:47,864 - Inferencefin - INFO - end-inf-tt-r0.5-lay[19]-ind1
2024-06-19 09:56:00,939 - Inferencefin - INFO - start-inf-tt-r0.5-lay[19]-ind2
2024-06-19 10:06:51,241 - Inferencefin - INFO - end-inf-tt-r0.5-lay[19]-ind2
2024-06-19 10:08:00,312 - Inferencefin - INFO - start-inf-tt-r0.5-lay[19]-ind3
2024-06-19 10:18:49,453 - Inferencefin - INFO - end-inf-tt-r0.5-lay[19]-ind3
2024-06-19 10:20:00,425 - Inferencefin - INFO - start-inf-tt-r0.6-lay[19]-ind1
2024-06-19 10:30:49,784 - Inferencefin - INFO - end-inf-tt-r0.6-lay[19]-ind1
2024-06-19 10:32:00,856 - Inferencefin - INFO - start-inf-tt-r0.6-lay[19]-ind2
2024-06-19 10:42:48,603 - Inferencefin - INFO - end-inf-tt-r0.6-lay[19]-ind2
2024-06-19 10:44:00,676 - Inferencefin - INFO - start-inf-tt-r0.6-lay[19]-ind3
2024-06-19 10:54:49,066 - Inferencefin - INFO - end-inf-tt-r0.6-lay[19]-ind3
2024-06-19 10:57:00,732 - Inferencefin - INFO - start-inf-tt-r0.7-lay[19]-ind1
2024-06-19 11:07:49,754 - Inferencefin - INFO - end-inf-tt-r0.7-lay[19]-ind1
2024-06-19 11:09:00,816 - Inferencefin - INFO - start-inf-tt-r0.7-lay[19]-ind2
2024-06-19 11:19:49,559 - Inferencefin - INFO - end-inf-tt-r0.7-lay[19]-ind2
2024-06-19 11:21:00,627 - Inferencefin - INFO - start-inf-tt-r0.7-lay[19]-ind3
2024-06-19 11:31:51,032 - Inferencefin - INFO - end-inf-tt-r0.7-lay[19]-ind3
2024-06-19 11:33:00,989 - Inferencefin - INFO - start-inf-tt-r0.8-lay[19]-ind1
2024-06-19 11:43:50,108 - Inferencefin - INFO - end-inf-tt-r0.8-lay[19]-ind1
2024-06-19 11:45:00,146 - Inferencefin - INFO - start-inf-tt-r0.8-lay[19]-ind2
2024-06-19 11:55:49,019 - Inferencefin - INFO - end-inf-tt-r0.8-lay[19]-ind2
2024-06-19 11:57:00,091 - Inferencefin - INFO - start-inf-tt-r0.8-lay[19]-ind3
2024-06-19 12:07:49,836 - Inferencefin - INFO - end-inf-tt-r0.8-lay[19]-ind3
2024-06-19 12:09:00,032 - Inferencefin - INFO - start-inf-tt-r0.9-lay[19]-ind1
2024-06-19 12:19:49,293 - Inferencefin - INFO - end-inf-tt-r0.9-lay[19]-ind1
2024-06-19 12:21:00,366 - Inferencefin - INFO - start-inf-tt-r0.9-lay[19]-ind2
2024-06-19 12:31:50,714 - Inferencefin - INFO - end-inf-tt-r0.9-lay[19]-ind2
2024-06-19 12:33:00,776 - Inferencefin - INFO - start-inf-tt-r0.9-lay[19]-ind3
2024-06-19 12:43:49,953 - Inferencefin - INFO - end-inf-tt-r0.9-lay[19]-ind3
2024-06-19 12:45:00,027 - Inferencefin - INFO - start-inf-tt-r0.1-lay[6]-ind1
2024-06-19 12:55:42,042 - Inferencefin - INFO - end-inf-tt-r0.1-lay[6]-ind1
2024-06-19 12:57:00,122 - Inferencefin - INFO - start-inf-tt-r0.1-lay[6]-ind2
2024-06-19 13:07:44,168 - Inferencefin - INFO - end-inf-tt-r0.1-lay[6]-ind2
2024-06-19 13:09:00,244 - Inferencefin - INFO - start-inf-tt-r0.1-lay[6]-ind3
2024-06-19 13:19:43,190 - Inferencefin - INFO - end-inf-tt-r0.1-lay[6]-ind3
2024-06-19 13:21:00,534 - Inferencefin - INFO - start-inf-tt-r0.2-lay[6]-ind1
2024-06-19 13:31:49,811 - Inferencefin - INFO - end-inf-tt-r0.2-lay[6]-ind1
2024-06-19 13:33:00,883 - Inferencefin - INFO - start-inf-tt-r0.2-lay[6]-ind2
2024-06-19 13:43:48,406 - Inferencefin - INFO - end-inf-tt-r0.2-lay[6]-ind2
2024-06-19 13:45:00,427 - Inferencefin - INFO - start-inf-tt-r0.2-lay[6]-ind3
2024-06-19 13:55:48,100 - Inferencefin - INFO - end-inf-tt-r0.2-lay[6]-ind3
2024-06-19 13:57:00,102 - Inferencefin - INFO - start-inf-tt-r0.3-lay[6]-ind1
2024-06-19 14:07:47,742 - Inferencefin - INFO - end-inf-tt-r0.3-lay[6]-ind1
2024-06-19 14:09:00,813 - Inferencefin - INFO - start-inf-tt-r0.3-lay[6]-ind2
2024-06-19 14:19:46,003 - Inferencefin - INFO - end-inf-tt-r0.3-lay[6]-ind2
2024-06-19 14:21:00,079 - Inferencefin - INFO - start-inf-tt-r0.3-lay[6]-ind3
2024-06-19 14:31:47,480 - Inferencefin - INFO - end-inf-tt-r0.3-lay[6]-ind3
2024-06-19 14:34:00,464 - Inferencefin - INFO - start-inf-tt-r0.4-lay[6]-ind1
2024-06-19 14:44:54,846 - Inferencefin - INFO - end-inf-tt-r0.4-lay[6]-ind1
2024-06-19 14:46:00,870 - Inferencefin - INFO - start-inf-tt-r0.4-lay[6]-ind2
2024-06-19 14:56:55,743 - Inferencefin - INFO - end-inf-tt-r0.4-lay[6]-ind2
2024-06-19 14:58:00,807 - Inferencefin - INFO - start-inf-tt-r0.4-lay[6]-ind3
2024-06-19 15:08:56,616 - Inferencefin - INFO - end-inf-tt-r0.4-lay[6]-ind3
2024-06-19 15:10:00,972 - Inferencefin - INFO - start-inf-tt-r0.5-lay[6]-ind1
2024-06-19 15:20:57,316 - Inferencefin - INFO - end-inf-tt-r0.5-lay[6]-ind1
2024-06-19 15:22:00,380 - Inferencefin - INFO - start-inf-tt-r0.5-lay[6]-ind2
2024-06-19 15:32:57,365 - Inferencefin - INFO - end-inf-tt-r0.5-lay[6]-ind2
2024-06-19 15:34:00,403 - Inferencefin - INFO - start-inf-tt-r0.5-lay[6]-ind3
2024-06-19 15:44:56,516 - Inferencefin - INFO - end-inf-tt-r0.5-lay[6]-ind3
2024-06-19 15:46:00,555 - Inferencefin - INFO - start-inf-tt-r0.6-lay[6]-ind1
2024-06-19 15:56:58,111 - Inferencefin - INFO - end-inf-tt-r0.6-lay[6]-ind1
2024-06-19 15:58:00,174 - Inferencefin - INFO - start-inf-tt-r0.6-lay[6]-ind2
2024-06-19 16:08:57,549 - Inferencefin - INFO - end-inf-tt-r0.6-lay[6]-ind2
2024-06-19 16:10:00,613 - Inferencefin - INFO - start-inf-tt-r0.6-lay[6]-ind3
2024-06-19 16:20:57,325 - Inferencefin - INFO - end-inf-tt-r0.6-lay[6]-ind3
2024-06-19 16:22:00,282 - Inferencefin - INFO - start-inf-tt-r0.7-lay[6]-ind1
2024-06-19 16:33:00,141 - Inferencefin - INFO - end-inf-tt-r0.7-lay[6]-ind1
2024-06-19 16:35:00,192 - Inferencefin - INFO - start-inf-tt-r0.7-lay[6]-ind2
2024-06-19 16:45:58,948 - Inferencefin - INFO - end-inf-tt-r0.7-lay[6]-ind2
2024-06-19 16:47:00,972 - Inferencefin - INFO - start-inf-tt-r0.7-lay[6]-ind3
2024-06-19 16:58:00,049 - Inferencefin - INFO - end-inf-tt-r0.7-lay[6]-ind3
2024-06-19 17:00:00,124 - Inferencefin - INFO - start-inf-tt-r0.8-lay[6]-ind1
2024-06-19 17:11:00,246 - Inferencefin - INFO - end-inf-tt-r0.8-lay[6]-ind1
2024-06-19 17:13:00,364 - Inferencefin - INFO - start-inf-tt-r0.8-lay[6]-ind2
2024-06-19 17:24:00,398 - Inferencefin - INFO - end-inf-tt-r0.8-lay[6]-ind2
2024-06-19 17:26:00,470 - Inferencefin - INFO - start-inf-tt-r0.8-lay[6]-ind3
2024-06-19 17:37:01,355 - Inferencefin - INFO - end-inf-tt-r0.8-lay[6]-ind3
2024-06-19 17:39:00,422 - Inferencefin - INFO - start-inf-tt-r0.9-lay[6]-ind1
2024-06-19 17:50:00,909 - Inferencefin - INFO - end-inf-tt-r0.9-lay[6]-ind1
2024-06-19 17:52:00,968 - Inferencefin - INFO - start-inf-tt-r0.9-lay[6]-ind2
2024-06-19 18:03:01,998 - Inferencefin - INFO - end-inf-tt-r0.9-lay[6]-ind2
2024-06-19 18:05:00,104 - Inferencefin - INFO - start-inf-tt-r0.9-lay[6]-ind3
2024-06-19 18:16:00,972 - Inferencefin - INFO - end-inf-tt-r0.9-lay[6]-ind3
2024-06-19 18:18:00,963 - Inferencefin - INFO - start-inf-cp-r0.1-lay[63]-ind1
2024-06-19 18:28:59,453 - Inferencefin - INFO - end-inf-cp-r0.1-lay[63]-ind1
2024-06-19 18:30:00,515 - Inferencefin - INFO - start-inf-cp-r0.1-lay[63]-ind2
