2024-06-27 22:20:42,324 - Layer_fin - INFO - bas-start-outch512-inch384-wh4-ind1s
2024-06-27 22:22:30,788 - Layer_fin - INFO - bas-end-outch512-inch384-wh4-ind1s
2024-06-27 22:22:30,854 - Layer_fin - INFO - bas-start-outch512-inch384-wh4-ind2s
2024-06-27 22:24:18,683 - Layer_fin - INFO - bas-start-outch512-inch384-wh4-ind1s
2024-06-27 22:25:34,116 - Layer_fin - INFO - bas-start-outch512-inch384-wh4-ind1s
2024-06-27 22:28:26,643 - Layer_fin - INFO - bas-end-outch512-inch384-wh4-ind1s
2024-06-27 22:28:26,709 - Layer_fin - INFO - bas-start-outch512-inch384-wh4-ind2s
2024-06-27 22:28:56,353 - Layer_fin - INFO - bas-start-outch512-inch384-wh4-ind1s
2024-06-27 22:35:00,720 - Layer_fin - INFO - dec-start-outch512-inch384-facttt-r0.1-wh4-ind1s
2024-06-28 20:32:00,486 - Layer_fin - INFO - dec-start-outch512-inch384-facttucker-r0.75-wh4-kernel3-ind1s
2024-06-28 20:48:00,141 - Layer_fin - INFO - dec-start-outch512-inch384-factcp-r0.75-wh4-kernel3-ind1s
2024-06-28 21:26:08,745 - Layer_fin - INFO - dec-end-outch512-inch384-factcp-r0.75-wh4-kernel3-ind1s
2024-06-28 21:30:00,262 - Layer_fin - INFO - dec-start-outch512-inch384-factcp-r0.75-wh4-kernel3-ind2s
2024-06-28 22:08:10,392 - Layer_fin - INFO - dec-end-outch512-inch384-factcp-r0.75-wh4-kernel3-ind2s
2024-06-28 22:12:00,439 - Layer_fin - INFO - dec-start-outch512-inch384-factcp-r0.9-wh4-kernel3-ind1s
2024-06-28 22:56:20,752 - Layer_fin - INFO - dec-end-outch512-inch384-factcp-r0.9-wh4-kernel3-ind1s
2024-06-28 23:00:00,714 - Layer_fin - INFO - dec-start-outch512-inch384-factcp-r0.9-wh4-kernel3-ind2s
2024-06-28 23:44:18,632 - Layer_fin - INFO - dec-end-outch512-inch384-factcp-r0.9-wh4-kernel3-ind2s
2024-06-28 23:46:00,262 - Layer_fin - INFO - dec-start-outch512-inch384-facttucker-r0.1-wh4-kernel5-ind1s
2024-06-29 00:03:33,181 - Layer_fin - INFO - dec-end-outch512-inch384-facttucker-r0.1-wh4-kernel5-ind1s
2024-06-29 00:05:00,462 - Layer_fin - INFO - dec-start-outch512-inch384-facttucker-r0.1-wh4-kernel5-ind2s
2024-06-29 00:22:33,395 - Layer_fin - INFO - dec-end-outch512-inch384-facttucker-r0.1-wh4-kernel5-ind2s
2024-06-29 00:24:00,618 - Layer_fin - INFO - dec-start-outch512-inch384-facttucker-r0.25-wh4-kernel5-ind1s
2024-06-29 00:53:27,037 - Layer_fin - INFO - dec-end-outch512-inch384-facttucker-r0.25-wh4-kernel5-ind1s
2024-06-29 00:55:00,839 - Layer_fin - INFO - dec-start-outch512-inch384-facttucker-r0.25-wh4-kernel5-ind2s
2024-06-29 01:24:26,232 - Layer_fin - INFO - dec-end-outch512-inch384-facttucker-r0.25-wh4-kernel5-ind2s
2024-06-29 01:26:00,119 - Layer_fin - INFO - dec-start-outch512-inch384-facttucker-r0.5-wh4-kernel5-ind1s
2024-06-29 02:13:18,081 - Layer_fin - INFO - dec-end-outch512-inch384-facttucker-r0.5-wh4-kernel5-ind1s
2024-06-29 02:15:00,901 - Layer_fin - INFO - dec-start-outch512-inch384-facttucker-r0.5-wh4-kernel5-ind2s
2024-06-29 03:02:19,797 - Layer_fin - INFO - dec-end-outch512-inch384-facttucker-r0.5-wh4-kernel5-ind2s
2024-06-29 03:04:00,728 - Layer_fin - INFO - dec-start-outch512-inch384-facttucker-r0.75-wh4-kernel5-ind1s
2024-06-29 04:12:43,492 - Layer_fin - INFO - dec-end-outch512-inch384-facttucker-r0.75-wh4-kernel5-ind1s
2024-06-29 04:14:00,955 - Layer_fin - INFO - dec-start-outch512-inch384-facttucker-r0.75-wh4-kernel5-ind2s
2024-06-29 05:22:45,798 - Layer_fin - INFO - dec-end-outch512-inch384-facttucker-r0.75-wh4-kernel5-ind2s
2024-06-29 05:24:00,175 - Layer_fin - INFO - dec-start-outch512-inch384-facttucker-r0.9-wh4-kernel5-ind1s
2024-06-29 06:42:29,182 - Layer_fin - INFO - dec-end-outch512-inch384-facttucker-r0.9-wh4-kernel5-ind1s
2024-06-29 06:44:00,969 - Layer_fin - INFO - dec-start-outch512-inch384-facttucker-r0.9-wh4-kernel5-ind2s
2024-06-29 08:02:32,041 - Layer_fin - INFO - dec-end-outch512-inch384-facttucker-r0.9-wh4-kernel5-ind2s
2024-06-29 08:04:00,459 - Layer_fin - INFO - dec-start-outch512-inch384-facttt-r0.1-wh4-kernel5-ind1s
2024-06-29 08:13:57,967 - Layer_fin - INFO - dec-end-outch512-inch384-facttt-r0.1-wh4-kernel5-ind1s
2024-06-29 08:15:00,782 - Layer_fin - INFO - dec-start-outch512-inch384-facttt-r0.1-wh4-kernel5-ind2s
2024-06-29 08:25:01,557 - Layer_fin - INFO - dec-end-outch512-inch384-facttt-r0.1-wh4-kernel5-ind2s
2024-06-29 08:27:00,368 - Layer_fin - INFO - dec-start-outch512-inch384-facttt-r0.25-wh4-kernel5-ind1s
2024-06-29 08:38:44,423 - Layer_fin - INFO - dec-end-outch512-inch384-facttt-r0.25-wh4-kernel5-ind1s
2024-06-29 08:40:00,381 - Layer_fin - INFO - dec-start-outch512-inch384-facttt-r0.25-wh4-kernel5-ind2s
2024-06-29 08:51:44,117 - Layer_fin - INFO - dec-end-outch512-inch384-facttt-r0.25-wh4-kernel5-ind2s
2024-06-29 08:53:00,219 - Layer_fin - INFO - dec-start-outch512-inch384-facttt-r0.5-wh4-kernel5-ind1s
2024-06-29 09:07:05,256 - Layer_fin - INFO - dec-end-outch512-inch384-facttt-r0.5-wh4-kernel5-ind1s
2024-06-29 09:09:00,470 - Layer_fin - INFO - dec-start-outch512-inch384-facttt-r0.5-wh4-kernel5-ind2s
2024-06-29 09:23:05,165 - Layer_fin - INFO - dec-end-outch512-inch384-facttt-r0.5-wh4-kernel5-ind2s
2024-06-29 09:25:00,458 - Layer_fin - INFO - dec-start-outch512-inch384-facttt-r0.75-wh4-kernel5-ind1s
2024-06-29 09:40:58,787 - Layer_fin - INFO - dec-end-outch512-inch384-facttt-r0.75-wh4-kernel5-ind1s
2024-06-29 09:42:00,985 - Layer_fin - INFO - dec-start-outch512-inch384-facttt-r0.75-wh4-kernel5-ind2s
2024-06-29 09:58:00,453 - Layer_fin - INFO - dec-end-outch512-inch384-facttt-r0.75-wh4-kernel5-ind2s
2024-06-29 10:00:00,788 - Layer_fin - INFO - dec-start-outch512-inch384-facttt-r0.9-wh4-kernel5-ind1s
2024-06-29 10:16:56,098 - Layer_fin - INFO - dec-end-outch512-inch384-facttt-r0.9-wh4-kernel5-ind1s
2024-06-29 10:18:00,408 - Layer_fin - INFO - dec-start-outch512-inch384-facttt-r0.9-wh4-kernel5-ind2s
2024-06-29 10:34:56,429 - Layer_fin - INFO - dec-end-outch512-inch384-facttt-r0.9-wh4-kernel5-ind2s
2024-06-29 10:36:00,630 - Layer_fin - INFO - bas-start-outch512-inch384-wh4-ind1s
2024-06-29 10:57:00,849 - Layer_fin - INFO - bas-end-outch512-inch384-wh4-ind1s
2024-06-29 10:59:01,047 - Layer_fin - INFO - bas-start-outch512-inch384-wh4-ind2s
2024-06-29 11:19:56,929 - Layer_fin - INFO - bas-end-outch512-inch384-wh4-ind2s
2024-06-29 11:22:00,935 - Layer_fin - INFO - dec-start-outch512-inch384-factcp-r0.1-wh4-kernel5-ind1s
2024-06-29 11:50:24,281 - Layer_fin - INFO - dec-end-outch512-inch384-factcp-r0.1-wh4-kernel5-ind1s
2024-06-29 11:53:00,261 - Layer_fin - INFO - dec-start-outch512-inch384-factcp-r0.1-wh4-kernel5-ind2s
2024-06-29 12:21:11,829 - Layer_fin - INFO - dec-end-outch512-inch384-factcp-r0.1-wh4-kernel5-ind2s
2024-06-29 12:25:00,466 - Layer_fin - INFO - dec-start-outch512-inch384-factcp-r0.25-wh4-kernel5-ind1s
2024-06-29 12:58:59,340 - Layer_fin - INFO - dec-end-outch512-inch384-factcp-r0.25-wh4-kernel5-ind1s
2024-06-29 13:03:00,187 - Layer_fin - INFO - dec-start-outch512-inch384-factcp-r0.25-wh4-kernel5-ind2s
2024-06-29 13:36:46,627 - Layer_fin - INFO - dec-end-outch512-inch384-factcp-r0.25-wh4-kernel5-ind2s
2024-06-29 13:43:00,144 - Layer_fin - INFO - dec-start-outch512-inch384-factcp-r0.5-wh4-kernel5-ind1s
2024-06-29 14:46:43,712 - Layer_fin - INFO - dec-end-outch512-inch384-factcp-r0.5-wh4-kernel5-ind1s
2024-06-29 14:53:00,825 - Layer_fin - INFO - dec-start-outch512-inch384-factcp-r0.5-wh4-kernel5-ind2s
2024-06-29 15:56:48,242 - Layer_fin - INFO - dec-end-outch512-inch384-factcp-r0.5-wh4-kernel5-ind2s
2024-06-29 16:06:00,545 - Layer_fin - INFO - dec-start-outch512-inch384-factcp-r0.75-wh4-kernel5-ind1s
2024-06-29 17:41:26,851 - Layer_fin - INFO - dec-end-outch512-inch384-factcp-r0.75-wh4-kernel5-ind1s
2024-06-29 17:50:00,904 - Layer_fin - INFO - dec-start-outch512-inch384-factcp-r0.75-wh4-kernel5-ind2s
2024-06-29 19:25:28,417 - Layer_fin - INFO - dec-end-outch512-inch384-factcp-r0.75-wh4-kernel5-ind2s
2024-06-29 19:36:00,545 - Layer_fin - INFO - dec-start-outch512-inch384-factcp-r0.9-wh4-kernel5-ind1s
2024-06-29 21:30:04,121 - Layer_fin - INFO - dec-end-outch512-inch384-factcp-r0.9-wh4-kernel5-ind1s
2024-06-29 21:41:00,355 - Layer_fin - INFO - dec-start-outch512-inch384-factcp-r0.9-wh4-kernel5-ind2s
2024-06-29 23:34:58,937 - Layer_fin - INFO - dec-end-outch512-inch384-factcp-r0.9-wh4-kernel5-ind2s
2024-07-03 21:49:00,768 - Layer_fin - INFO - bas-start-outch512-inch384-wh4-ind3s
2024-07-03 21:50:50,893 - Layer_fin - INFO - bas-end-outch512-inch384-wh4-ind3s
2024-07-03 21:52:00,097 - Layer_fin - INFO - dec-start-outch512-inch384-facttucker-r0.1-wh4-kernel1-ind3s
2024-07-03 21:56:41,877 - Layer_fin - INFO - dec-end-outch512-inch384-facttucker-r0.1-wh4-kernel1-ind3s
2024-07-03 21:58:00,210 - Layer_fin - INFO - dec-start-outch512-inch384-facttucker-r0.25-wh4-kernel1-ind3s
2024-07-03 22:04:15,027 - Layer_fin - INFO - dec-end-outch512-inch384-facttucker-r0.25-wh4-kernel1-ind3s
2024-07-03 22:06:00,560 - Layer_fin - INFO - dec-start-outch512-inch384-facttucker-r0.5-wh4-kernel1-ind3s
2024-07-03 22:14:31,415 - Layer_fin - INFO - dec-end-outch512-inch384-facttucker-r0.5-wh4-kernel1-ind3s
2024-07-03 22:16:00,152 - Layer_fin - INFO - dec-start-outch512-inch384-facttucker-r0.75-wh4-kernel1-ind3s
2024-07-03 22:26:18,978 - Layer_fin - INFO - dec-end-outch512-inch384-facttucker-r0.75-wh4-kernel1-ind3s
2024-07-03 22:28:00,880 - Layer_fin - INFO - dec-start-outch512-inch384-facttucker-r0.9-wh4-kernel1-ind3s
2024-07-03 22:39:43,012 - Layer_fin - INFO - dec-end-outch512-inch384-facttucker-r0.9-wh4-kernel1-ind3s
2024-07-03 22:41:00,243 - Layer_fin - INFO - dec-start-outch512-inch384-facttt-r0.1-wh4-kernel1-ind3s
2024-07-03 22:45:21,316 - Layer_fin - INFO - dec-end-outch512-inch384-facttt-r0.1-wh4-kernel1-ind3s
2024-07-03 22:47:00,455 - Layer_fin - INFO - dec-start-outch512-inch384-facttt-r0.25-wh4-kernel1-ind3s
2024-07-03 22:51:21,638 - Layer_fin - INFO - dec-end-outch512-inch384-facttt-r0.25-wh4-kernel1-ind3s
2024-07-03 22:53:00,848 - Layer_fin - INFO - dec-start-outch512-inch384-facttt-r0.5-wh4-kernel1-ind3s
2024-07-03 22:58:02,763 - Layer_fin - INFO - dec-end-outch512-inch384-facttt-r0.5-wh4-kernel1-ind3s
2024-07-03 23:00:00,080 - Layer_fin - INFO - dec-start-outch512-inch384-facttt-r0.75-wh4-kernel1-ind3s
2024-07-03 23:06:09,912 - Layer_fin - INFO - dec-end-outch512-inch384-facttt-r0.75-wh4-kernel1-ind3s
2024-07-03 23:08:00,493 - Layer_fin - INFO - dec-start-outch512-inch384-facttt-r0.9-wh4-kernel1-ind3s
2024-07-03 23:14:50,556 - Layer_fin - INFO - dec-end-outch512-inch384-facttt-r0.9-wh4-kernel1-ind3s
2024-07-03 23:16:00,107 - Layer_fin - INFO - dec-start-outch512-inch384-factcp-r0.1-wh4-kernel1-ind3s
2024-07-03 23:21:14,755 - Layer_fin - INFO - dec-end-outch512-inch384-factcp-r0.1-wh4-kernel1-ind3s
2024-07-03 23:23:00,801 - Layer_fin - INFO - dec-start-outch512-inch384-factcp-r0.25-wh4-kernel1-ind3s
2024-07-03 23:29:31,616 - Layer_fin - INFO - dec-end-outch512-inch384-factcp-r0.25-wh4-kernel1-ind3s
2024-07-03 23:31:00,658 - Layer_fin - INFO - dec-start-outch512-inch384-factcp-r0.5-wh4-kernel1-ind3s
2024-07-03 23:40:25,762 - Layer_fin - INFO - dec-end-outch512-inch384-factcp-r0.5-wh4-kernel1-ind3s
2024-07-03 23:42:00,577 - Layer_fin - INFO - dec-start-outch512-inch384-factcp-r0.75-wh4-kernel1-ind3s
2024-07-03 23:54:13,193 - Layer_fin - INFO - dec-end-outch512-inch384-factcp-r0.75-wh4-kernel1-ind3s
2024-07-03 23:56:00,731 - Layer_fin - INFO - dec-start-outch512-inch384-factcp-r0.9-wh4-kernel1-ind3s
2024-07-04 00:09:47,086 - Layer_fin - INFO - dec-end-outch512-inch384-factcp-r0.9-wh4-kernel1-ind3s
2024-07-04 00:11:00,279 - Layer_fin - INFO - bas-start-outch512-inch384-wh4-ind3s
2024-07-04 00:18:20,291 - Layer_fin - INFO - bas-end-outch512-inch384-wh4-ind3s
2024-07-04 00:20:00,631 - Layer_fin - INFO - dec-start-outch512-inch384-facttucker-r0.1-wh4-kernel3-ind3s
2024-07-04 00:30:09,618 - Layer_fin - INFO - dec-end-outch512-inch384-facttucker-r0.1-wh4-kernel3-ind3s
2024-07-04 00:32:00,999 - Layer_fin - INFO - dec-start-outch512-inch384-facttucker-r0.25-wh4-kernel3-ind3s
2024-07-04 00:47:21,011 - Layer_fin - INFO - dec-end-outch512-inch384-facttucker-r0.25-wh4-kernel3-ind3s
2024-07-04 00:49:00,574 - Layer_fin - INFO - dec-start-outch512-inch384-facttucker-r0.5-wh4-kernel3-ind3s
2024-07-04 01:12:04,677 - Layer_fin - INFO - dec-end-outch512-inch384-facttucker-r0.5-wh4-kernel3-ind3s
2024-07-04 01:14:00,219 - Layer_fin - INFO - dec-start-outch512-inch384-facttucker-r0.75-wh4-kernel3-ind3s
2024-07-04 01:42:07,203 - Layer_fin - INFO - dec-end-outch512-inch384-facttucker-r0.75-wh4-kernel3-ind3s
2024-07-04 01:44:00,999 - Layer_fin - INFO - dec-start-outch512-inch384-facttucker-r0.9-wh4-kernel3-ind3s
2024-07-04 02:14:59,229 - Layer_fin - INFO - dec-end-outch512-inch384-facttucker-r0.9-wh4-kernel3-ind3s
2024-07-04 02:16:00,961 - Layer_fin - INFO - dec-start-outch512-inch384-facttt-r0.1-wh4-kernel3-ind3s
2024-07-04 02:23:35,081 - Layer_fin - INFO - dec-end-outch512-inch384-facttt-r0.1-wh4-kernel3-ind3s
2024-07-04 02:25:00,401 - Layer_fin - INFO - dec-start-outch512-inch384-facttt-r0.25-wh4-kernel3-ind3s
2024-07-04 02:30:55,179 - Layer_fin - INFO - dec-end-outch512-inch384-facttt-r0.25-wh4-kernel3-ind3s
2024-07-04 02:32:00,485 - Layer_fin - INFO - dec-start-outch512-inch384-facttt-r0.5-wh4-kernel3-ind3s
2024-07-04 02:40:29,206 - Layer_fin - INFO - dec-end-outch512-inch384-facttt-r0.5-wh4-kernel3-ind3s
2024-07-04 02:42:00,579 - Layer_fin - INFO - dec-start-outch512-inch384-facttt-r0.75-wh4-kernel3-ind3s
2024-07-04 02:50:54,779 - Layer_fin - INFO - dec-end-outch512-inch384-facttt-r0.75-wh4-kernel3-ind3s
2024-07-04 02:52:00,167 - Layer_fin - INFO - dec-start-outch512-inch384-facttt-r0.9-wh4-kernel3-ind3s
2024-07-04 03:01:05,856 - Layer_fin - INFO - dec-end-outch512-inch384-facttt-r0.9-wh4-kernel3-ind3s
2024-07-04 03:03:00,166 - Layer_fin - INFO - dec-start-outch512-inch384-factcp-r0.1-wh4-kernel3-ind3s
2024-07-04 03:16:38,086 - Layer_fin - INFO - dec-end-outch512-inch384-factcp-r0.1-wh4-kernel3-ind3s
2024-07-04 03:19:00,812 - Layer_fin - INFO - dec-start-outch512-inch384-factcp-r0.25-wh4-kernel3-ind3s
2024-07-04 03:38:29,065 - Layer_fin - INFO - dec-end-outch512-inch384-factcp-r0.25-wh4-kernel3-ind3s
2024-07-04 03:41:00,581 - Layer_fin - INFO - dec-start-outch512-inch384-factcp-r0.5-wh4-kernel3-ind3s
2024-07-04 04:07:45,049 - Layer_fin - INFO - dec-end-outch512-inch384-factcp-r0.5-wh4-kernel3-ind3s
2024-07-04 04:11:00,728 - Layer_fin - INFO - dec-start-outch512-inch384-factcp-r0.75-wh4-kernel3-ind3s
2024-07-04 04:49:19,696 - Layer_fin - INFO - dec-end-outch512-inch384-factcp-r0.75-wh4-kernel3-ind3s
2024-07-04 04:53:00,303 - Layer_fin - INFO - dec-start-outch512-inch384-factcp-r0.9-wh4-kernel3-ind3s
2024-07-04 05:37:24,073 - Layer_fin - INFO - dec-end-outch512-inch384-factcp-r0.9-wh4-kernel3-ind3s
2024-07-04 05:39:00,468 - Layer_fin - INFO - bas-start-outch512-inch384-wh4-ind3s
2024-07-04 05:59:52,619 - Layer_fin - INFO - bas-end-outch512-inch384-wh4-ind3s
2024-07-04 06:01:00,158 - Layer_fin - INFO - dec-start-outch512-inch384-facttucker-r0.1-wh4-kernel5-ind3s
2024-07-04 06:18:36,992 - Layer_fin - INFO - dec-end-outch512-inch384-facttucker-r0.1-wh4-kernel5-ind3s
2024-07-04 06:20:00,034 - Layer_fin - INFO - dec-start-outch512-inch384-facttucker-r0.25-wh4-kernel5-ind3s
2024-07-04 06:49:47,442 - Layer_fin - INFO - dec-end-outch512-inch384-facttucker-r0.25-wh4-kernel5-ind3s
2024-07-04 06:51:00,040 - Layer_fin - INFO - dec-start-outch512-inch384-facttucker-r0.5-wh4-kernel5-ind3s
2024-07-04 07:39:08,479 - Layer_fin - INFO - dec-end-outch512-inch384-facttucker-r0.5-wh4-kernel5-ind3s
2024-07-04 07:41:00,942 - Layer_fin - INFO - dec-start-outch512-inch384-facttucker-r0.75-wh4-kernel5-ind3s
2024-07-04 08:51:05,940 - Layer_fin - INFO - dec-end-outch512-inch384-facttucker-r0.75-wh4-kernel5-ind3s
2024-07-04 08:53:00,371 - Layer_fin - INFO - dec-start-outch512-inch384-facttucker-r0.9-wh4-kernel5-ind3s
2024-07-04 10:54:00,464 - Layer_fin - INFO - bas-start-outch512-inch384-wh4-ind3s
2024-07-04 11:15:03,511 - Layer_fin - INFO - bas-end-outch512-inch384-wh4-ind3s
2024-07-04 11:17:00,364 - Layer_fin - INFO - dec-start-outch512-inch384-facttucker-r0.1-wh4-kernel5-ind3s
2024-07-04 11:34:31,396 - Layer_fin - INFO - dec-end-outch512-inch384-facttucker-r0.1-wh4-kernel5-ind3s
2024-07-04 11:36:00,718 - Layer_fin - INFO - dec-start-outch512-inch384-facttucker-r0.25-wh4-kernel5-ind3s
2024-07-04 12:05:30,207 - Layer_fin - INFO - dec-end-outch512-inch384-facttucker-r0.25-wh4-kernel5-ind3s
2024-07-04 12:07:00,876 - Layer_fin - INFO - dec-start-outch512-inch384-facttucker-r0.5-wh4-kernel5-ind3s
2024-07-04 12:54:29,162 - Layer_fin - INFO - dec-end-outch512-inch384-facttucker-r0.5-wh4-kernel5-ind3s
2024-07-04 12:56:00,241 - Layer_fin - INFO - dec-start-outch512-inch384-facttucker-r0.75-wh4-kernel5-ind3s
2024-07-04 14:05:10,482 - Layer_fin - INFO - dec-end-outch512-inch384-facttucker-r0.75-wh4-kernel5-ind3s
2024-07-04 14:07:00,686 - Layer_fin - INFO - dec-start-outch512-inch384-facttucker-r0.9-wh4-kernel5-ind3s
2024-07-04 15:25:53,572 - Layer_fin - INFO - dec-end-outch512-inch384-facttucker-r0.9-wh4-kernel5-ind3s
2024-07-04 15:27:00,978 - Layer_fin - INFO - dec-start-outch512-inch384-facttt-r0.1-wh4-kernel5-ind3s
2024-07-04 15:37:00,198 - Layer_fin - INFO - dec-end-outch512-inch384-facttt-r0.1-wh4-kernel5-ind3s
2024-07-04 15:39:00,137 - Layer_fin - INFO - dec-start-outch512-inch384-facttt-r0.25-wh4-kernel5-ind3s
2024-07-04 15:50:42,754 - Layer_fin - INFO - dec-end-outch512-inch384-facttt-r0.25-wh4-kernel5-ind3s
2024-07-04 15:52:00,800 - Layer_fin - INFO - dec-start-outch512-inch384-facttt-r0.5-wh4-kernel5-ind3s
2024-07-04 16:06:04,660 - Layer_fin - INFO - dec-end-outch512-inch384-facttt-r0.5-wh4-kernel5-ind3s
2024-07-04 16:08:00,935 - Layer_fin - INFO - dec-start-outch512-inch384-facttt-r0.75-wh4-kernel5-ind3s
2024-07-04 16:23:58,299 - Layer_fin - INFO - dec-end-outch512-inch384-facttt-r0.75-wh4-kernel5-ind3s
2024-07-04 16:25:00,537 - Layer_fin - INFO - dec-start-outch512-inch384-facttt-r0.9-wh4-kernel5-ind3s
2024-07-04 16:41:59,611 - Layer_fin - INFO - dec-end-outch512-inch384-facttt-r0.9-wh4-kernel5-ind3s
2024-07-04 16:44:00,228 - Layer_fin - INFO - dec-start-outch512-inch384-factcp-r0.1-wh4-kernel5-ind3s
2024-07-04 17:12:16,174 - Layer_fin - INFO - dec-end-outch512-inch384-factcp-r0.1-wh4-kernel5-ind3s
2024-07-04 17:16:00,699 - Layer_fin - INFO - dec-start-outch512-inch384-factcp-r0.25-wh4-kernel5-ind3s
