2024-06-28 03:22:00,157 - Layer_fin - INFO - dec-start-outch512-inch384-facttucker-r0.1-wh4-ind1s
2024-06-28 03:26:39,239 - Layer_fin - INFO - dec-end-outch512-inch384-facttucker-r0.1-wh4-ind1s
2024-06-28 03:28:00,461 - Layer_fin - INFO - dec-start-outch512-inch384-facttucker-r0.1-wh4-ind2s
2024-06-28 03:32:40,511 - Layer_fin - INFO - dec-end-outch512-inch384-facttucker-r0.1-wh4-ind2s
2024-06-28 03:34:00,910 - Layer_fin - INFO - dec-start-outch512-inch384-facttucker-r0.25-wh4-ind1s
2024-06-28 03:40:13,932 - Layer_fin - INFO - dec-end-outch512-inch384-facttucker-r0.25-wh4-ind1s
2024-06-28 03:42:00,336 - Layer_fin - INFO - dec-start-outch512-inch384-facttucker-r0.25-wh4-ind2s
2024-06-28 03:48:13,439 - Layer_fin - INFO - dec-end-outch512-inch384-facttucker-r0.25-wh4-ind2s
2024-06-28 03:50:00,976 - Layer_fin - INFO - dec-start-outch512-inch384-facttucker-r0.5-wh4-ind1s
2024-06-28 03:58:30,851 - Layer_fin - INFO - dec-end-outch512-inch384-facttucker-r0.5-wh4-ind1s
2024-06-28 04:00:00,416 - Layer_fin - INFO - dec-start-outch512-inch384-facttucker-r0.5-wh4-ind2s
2024-06-28 04:08:31,693 - Layer_fin - INFO - dec-end-outch512-inch384-facttucker-r0.5-wh4-ind2s
2024-06-28 04:10:00,634 - Layer_fin - INFO - dec-start-outch512-inch384-facttucker-r0.75-wh4-ind1s
2024-06-28 04:20:19,321 - Layer_fin - INFO - dec-end-outch512-inch384-facttucker-r0.75-wh4-ind1s
2024-06-28 04:22:00,470 - Layer_fin - INFO - dec-start-outch512-inch384-facttucker-r0.75-wh4-ind2s
2024-06-28 04:32:21,015 - Layer_fin - INFO - dec-end-outch512-inch384-facttucker-r0.75-wh4-ind2s
2024-06-28 04:34:00,878 - Layer_fin - INFO - dec-start-outch512-inch384-facttucker-r0.9-wh4-ind1s
2024-06-28 04:45:43,913 - Layer_fin - INFO - dec-end-outch512-inch384-facttucker-r0.9-wh4-ind1s
2024-06-28 04:47:00,768 - Layer_fin - INFO - dec-start-outch512-inch384-facttucker-r0.9-wh4-ind2s
2024-06-28 04:58:43,743 - Layer_fin - INFO - dec-end-outch512-inch384-facttucker-r0.9-wh4-ind2s
2024-06-28 05:00:00,963 - Layer_fin - INFO - dec-start-outch512-inch384-facttt-r0.1-wh4-ind1s
2024-06-28 05:04:26,605 - Layer_fin - INFO - dec-end-outch512-inch384-facttt-r0.1-wh4-ind1s
2024-06-28 05:06:00,714 - Layer_fin - INFO - dec-start-outch512-inch384-facttt-r0.1-wh4-ind2s
2024-06-28 05:10:26,265 - Layer_fin - INFO - dec-end-outch512-inch384-facttt-r0.1-wh4-ind2s
2024-06-28 05:12:00,449 - Layer_fin - INFO - dec-start-outch512-inch384-facttt-r0.25-wh4-ind1s
2024-06-28 05:16:25,538 - Layer_fin - INFO - dec-end-outch512-inch384-facttt-r0.25-wh4-ind1s
2024-06-28 05:18:00,728 - Layer_fin - INFO - dec-start-outch512-inch384-facttt-r0.25-wh4-ind2s
2024-06-28 05:22:25,639 - Layer_fin - INFO - dec-end-outch512-inch384-facttt-r0.25-wh4-ind2s
2024-06-28 05:24:00,907 - Layer_fin - INFO - dec-start-outch512-inch384-facttt-r0.5-wh4-ind1s
2024-06-28 05:29:06,658 - Layer_fin - INFO - dec-end-outch512-inch384-facttt-r0.5-wh4-ind1s
2024-06-28 05:31:00,920 - Layer_fin - INFO - dec-start-outch512-inch384-facttt-r0.5-wh4-ind2s
2024-06-28 05:36:07,244 - Layer_fin - INFO - dec-end-outch512-inch384-facttt-r0.5-wh4-ind2s
2024-06-28 05:38:00,544 - Layer_fin - INFO - dec-start-outch512-inch384-facttt-r0.75-wh4-ind1s
2024-06-28 05:44:11,203 - Layer_fin - INFO - dec-end-outch512-inch384-facttt-r0.75-wh4-ind1s
2024-06-28 05:46:00,592 - Layer_fin - INFO - dec-start-outch512-inch384-facttt-r0.75-wh4-ind2s
2024-06-28 05:52:10,521 - Layer_fin - INFO - dec-end-outch512-inch384-facttt-r0.75-wh4-ind2s
2024-06-28 05:54:00,080 - Layer_fin - INFO - dec-start-outch512-inch384-facttt-r0.9-wh4-ind1s
2024-06-28 06:00:48,606 - Layer_fin - INFO - dec-end-outch512-inch384-facttt-r0.9-wh4-ind1s
2024-06-28 06:02:00,075 - Layer_fin - INFO - dec-start-outch512-inch384-facttt-r0.9-wh4-ind2s
2024-06-28 06:08:47,516 - Layer_fin - INFO - dec-end-outch512-inch384-facttt-r0.9-wh4-ind2s
2024-06-28 06:10:00,597 - Layer_fin - INFO - bas-start-outch512-inch384-wh4-ind1s
2024-06-28 06:11:54,244 - Layer_fin - INFO - bas-end-outch512-inch384-wh4-ind1s
2024-06-28 06:13:00,328 - Layer_fin - INFO - bas-start-outch512-inch384-wh4-ind2s
2024-06-28 06:14:53,996 - Layer_fin - INFO - bas-end-outch512-inch384-wh4-ind2s
2024-06-28 06:16:00,628 - Layer_fin - INFO - dec-start-outch512-inch384-factcp-r0.1-wh4-ind1s
2024-06-28 06:21:08,811 - Layer_fin - INFO - dec-end-outch512-inch384-factcp-r0.1-wh4-ind1s
2024-06-28 06:23:00,457 - Layer_fin - INFO - dec-start-outch512-inch384-factcp-r0.1-wh4-ind2s
2024-06-28 06:28:10,439 - Layer_fin - INFO - dec-end-outch512-inch384-factcp-r0.1-wh4-ind2s
2024-06-28 06:30:00,597 - Layer_fin - INFO - dec-start-outch512-inch384-factcp-r0.25-wh4-ind1s
2024-06-28 06:36:30,303 - Layer_fin - INFO - dec-end-outch512-inch384-factcp-r0.25-wh4-ind1s
2024-06-28 06:38:00,412 - Layer_fin - INFO - dec-start-outch512-inch384-factcp-r0.25-wh4-ind2s
2024-06-28 06:44:35,230 - Layer_fin - INFO - dec-end-outch512-inch384-factcp-r0.25-wh4-ind2s
2024-06-28 06:46:00,581 - Layer_fin - INFO - dec-start-outch512-inch384-factcp-r0.5-wh4-ind1s
2024-06-28 06:55:23,987 - Layer_fin - INFO - dec-end-outch512-inch384-factcp-r0.5-wh4-ind1s
2024-06-28 06:57:00,827 - Layer_fin - INFO - dec-start-outch512-inch384-factcp-r0.5-wh4-ind2s
2024-06-28 07:06:22,290 - Layer_fin - INFO - dec-end-outch512-inch384-factcp-r0.5-wh4-ind2s
2024-06-28 07:08:00,940 - Layer_fin - INFO - dec-start-outch512-inch384-factcp-r0.75-wh4-ind1s
2024-06-28 07:20:11,434 - Layer_fin - INFO - dec-end-outch512-inch384-factcp-r0.75-wh4-ind1s
2024-06-28 07:22:00,897 - Layer_fin - INFO - dec-start-outch512-inch384-factcp-r0.75-wh4-ind2s
2024-06-28 07:34:10,617 - Layer_fin - INFO - dec-end-outch512-inch384-factcp-r0.75-wh4-ind2s
2024-06-28 07:36:00,542 - Layer_fin - INFO - dec-start-outch512-inch384-factcp-r0.9-wh4-ind1s
2024-06-28 07:49:46,734 - Layer_fin - INFO - dec-end-outch512-inch384-factcp-r0.9-wh4-ind1s
2024-06-28 07:52:00,407 - Layer_fin - INFO - dec-start-outch512-inch384-factcp-r0.9-wh4-ind2s
2024-06-28 08:05:44,690 - Layer_fin - INFO - dec-end-outch512-inch384-factcp-r0.9-wh4-ind2s


Kernel=3
2024-06-28 08:07:00,965 - Layer_fin - INFO - dec-start-outch512-inch384-facttucker-r0.1-wh4-ind1s
2024-06-28 08:17:04,463 - Layer_fin - INFO - dec-end-outch512-inch384-facttucker-r0.1-wh4-ind1s
2024-06-28 08:19:00,952 - Layer_fin - INFO - dec-start-outch512-inch384-facttucker-r0.1-wh4-ind2s
2024-06-28 08:29:07,657 - Layer_fin - INFO - dec-end-outch512-inch384-facttucker-r0.1-wh4-ind2s
2024-06-28 08:31:00,740 - Layer_fin - INFO - dec-start-outch512-inch384-facttucker-r0.25-wh4-ind1s
2024-06-28 08:46:12,757 - Layer_fin - INFO - dec-end-outch512-inch384-facttucker-r0.25-wh4-ind1s
2024-06-28 08:48:00,792 - Layer_fin - INFO - dec-start-outch512-inch384-facttucker-r0.25-wh4-ind2s
2024-06-28 09:03:11,380 - Layer_fin - INFO - dec-end-outch512-inch384-facttucker-r0.25-wh4-ind2s
2024-06-28 09:05:00,044 - Layer_fin - INFO - dec-start-outch512-inch384-facttucker-r0.5-wh4-ind1s
2024-06-28 09:28:00,416 - Layer_fin - INFO - dec-end-outch512-inch384-facttucker-r0.5-wh4-ind1s
2024-06-28 09:30:00,920 - Layer_fin - INFO - dec-start-outch512-inch384-facttucker-r0.5-wh4-ind2s
2024-06-28 09:53:01,430 - Layer_fin - INFO - dec-end-outch512-inch384-facttucker-r0.5-wh4-ind2s
2024-06-28 09:55:00,236 - Layer_fin - INFO - dec-start-outch512-inch384-facttucker-r0.75-wh4-ind1s
2024-06-28 10:22:41,084 - Layer_fin - INFO - dec-end-outch512-inch384-facttucker-r0.75-wh4-ind1s
2024-06-28 10:24:00,876 - Layer_fin - INFO - dec-start-outch512-inch384-facttucker-r0.75-wh4-ind2s
2024-06-28 10:51:45,288 - Layer_fin - INFO - dec-end-outch512-inch384-facttucker-r0.75-wh4-ind2s
2024-06-28 10:53:00,228 - Layer_fin - INFO - dec-start-outch512-inch384-facttucker-r0.9-wh4-ind1s
2024-06-28 11:23:46,974 - Layer_fin - INFO - dec-end-outch512-inch384-facttucker-r0.9-wh4-ind1s
2024-06-28 11:25:00,957 - Layer_fin - INFO - dec-start-outch512-inch384-facttucker-r0.9-wh4-ind2s
2024-06-28 11:55:50,188 - Layer_fin - INFO - dec-end-outch512-inch384-facttucker-r0.9-wh4-ind2s
2024-06-28 11:57:00,976 - Layer_fin - INFO - dec-start-outch512-inch384-facttt-r0.1-wh4-ind1s
2024-06-28 12:04:33,414 - Layer_fin - INFO - dec-end-outch512-inch384-facttt-r0.1-wh4-ind1s
2024-06-28 12:06:00,128 - Layer_fin - INFO - dec-start-outch512-inch384-facttt-r0.1-wh4-ind2s
2024-06-28 12:13:32,121 - Layer_fin - INFO - dec-end-outch512-inch384-facttt-r0.1-wh4-ind2s
2024-06-28 12:15:00,403 - Layer_fin - INFO - dec-start-outch512-inch384-facttt-r0.25-wh4-ind1s
2024-06-28 12:20:53,071 - Layer_fin - INFO - dec-end-outch512-inch384-facttt-r0.25-wh4-ind1s
2024-06-28 12:22:00,383 - Layer_fin - INFO - dec-start-outch512-inch384-facttt-r0.25-wh4-ind2s
2024-06-28 12:27:53,111 - Layer_fin - INFO - dec-end-outch512-inch384-facttt-r0.25-wh4-ind2s
2024-06-28 12:29:00,477 - Layer_fin - INFO - dec-start-outch512-inch384-facttt-r0.5-wh4-ind1s
2024-06-28 12:37:28,384 - Layer_fin - INFO - dec-end-outch512-inch384-facttt-r0.5-wh4-ind1s
2024-06-28 12:39:00,776 - Layer_fin - INFO - dec-start-outch512-inch384-facttt-r0.5-wh4-ind2s
2024-06-28 12:47:27,679 - Layer_fin - INFO - dec-end-outch512-inch384-facttt-r0.5-wh4-ind2s
2024-06-28 12:49:00,051 - Layer_fin - INFO - dec-start-outch512-inch384-facttt-r0.75-wh4-ind1s
2024-06-28 12:57:49,489 - Layer_fin - INFO - dec-end-outch512-inch384-facttt-r0.75-wh4-ind1s
2024-06-28 12:59:00,852 - Layer_fin - INFO - dec-start-outch512-inch384-facttt-r0.75-wh4-ind2s
2024-06-28 13:07:52,670 - Layer_fin - INFO - dec-end-outch512-inch384-facttt-r0.75-wh4-ind2s
2024-06-28 13:09:00,059 - Layer_fin - INFO - dec-start-outch512-inch384-facttt-r0.9-wh4-ind1s
2024-06-28 13:18:04,214 - Layer_fin - INFO - dec-end-outch512-inch384-facttt-r0.9-wh4-ind1s
2024-06-28 13:20:00,653 - Layer_fin - INFO - dec-start-outch512-inch384-facttt-r0.9-wh4-ind2s
2024-06-28 13:29:05,304 - Layer_fin - INFO - dec-end-outch512-inch384-facttt-r0.9-wh4-ind2s
2024-06-28 13:31:00,419 - Layer_fin - INFO - bas-start-outch512-inch384-wh4-ind1s
2024-06-28 13:38:00,310 - Layer_fin - INFO - bas-end-outch512-inch384-wh4-ind1s
2024-06-28 13:40:00,629 - Layer_fin - INFO - bas-start-outch512-inch384-wh4-ind2s
2024-06-28 13:47:00,479 - Layer_fin - INFO - bas-end-outch512-inch384-wh4-ind2s
2024-06-28 13:49:00,339 - Layer_fin - INFO - dec-start-outch512-inch384-factcp-r0.1-wh4-ind1s
2024-06-28 14:02:35,749 - Layer_fin - INFO - dec-end-outch512-inch384-factcp-r0.1-wh4-ind1s
2024-06-28 14:04:00,476 - Layer_fin - INFO - dec-start-outch512-inch384-factcp-r0.1-wh4-ind2s
2024-06-28 14:17:38,548 - Layer_fin - INFO - dec-end-outch512-inch384-factcp-r0.1-wh4-ind2s
2024-06-28 14:20:00,496 - Layer_fin - INFO - dec-start-outch512-inch384-factcp-r0.25-wh4-ind1s
2024-06-28 14:39:30,635 - Layer_fin - INFO - dec-end-outch512-inch384-factcp-r0.25-wh4-ind1s
2024-06-28 14:42:00,641 - Layer_fin - INFO - dec-start-outch512-inch384-factcp-r0.25-wh4-ind2s
2024-06-28 15:01:29,777 - Layer_fin - INFO - dec-end-outch512-inch384-factcp-r0.25-wh4-ind2s
2024-06-28 15:04:00,893 - Layer_fin - INFO - dec-start-outch512-inch384-factcp-r0.5-wh4-ind1s
2024-06-28 15:30:25,050 - Layer_fin - INFO - dec-end-outch512-inch384-factcp-r0.5-wh4-ind1s
2024-06-28 15:33:00,304 - Layer_fin - INFO - dec-start-outch512-inch384-factcp-r0.5-wh4-ind2s
2024-06-28 15:59:32,920 - Layer_fin - INFO - dec-end-outch512-inch384-factcp-r0.5-wh4-ind2s
2024-06-28 16:03:00,116 - Layer_fin - INFO - dec-start-outch512-inch384-factcp-r0.75-wh4-ind1s
